<?xml version="1.0" encoding="UTF-8"?>
<coverage generated="1739926717728" clover="4.5.2">
   <project name="app" timestamp="1739926717448">
      <metrics coveredelements="871" complexity="269" loc="1680" methods="90" classes="18" statements="581" packages="1" coveredconditionals="216" coveredmethods="90" elements="899" ncloc="1105" files="18" conditionals="228" coveredstatements="565"/>
      <package name="edu.duke.sj445.battleship">
         <metrics coveredelements="871" complexity="269" loc="1680" methods="90" classes="18" statements="581" coveredconditionals="216" coveredmethods="90" elements="899" ncloc="1105" files="18" conditionals="228" coveredstatements="565"/>
         <file path="/home/sj445/ece651-sp25-sj445-battleship/app/src/main/java/edu/duke/sj445/battleship/PlacementRuleChecker.java" name="PlacementRuleChecker.java">
            <metrics coveredelements="16" coveredconditionals="6" complexity="5" loc="33" coveredmethods="2" methods="2" elements="16" classes="1" ncloc="21" statements="8" conditionals="6" coveredstatements="8"/>
            <class name="PlacementRuleChecker">
               <metrics coveredelements="16" coveredconditionals="6" complexity="5" coveredmethods="2" methods="2" elements="16" statements="8" conditionals="6" coveredstatements="8"/>
            </class>
            <line complexity="1" visibility="public" signature="PlacementRuleChecker(PlacementRuleChecker&lt;T&gt;)" num="8" count="54" type="method"/>
            <line num="9" count="54" type="stmt"/>
            <line complexity="4" visibility="public" signature="checkPlacement(Ship&lt;T&gt;,Board&lt;T&gt;) : String" num="16" count="100" type="method"/>
            <line num="18" count="100" type="stmt"/>
            <line falsecount="91" truecount="9" num="18" type="cond"/>
            <line num="19" count="9" type="stmt"/>
            <line num="21" count="91" type="stmt"/>
            <line falsecount="90" truecount="1" num="21" type="cond"/>
            <line num="22" count="1" type="stmt"/>
            <line num="26" count="90" type="stmt"/>
            <line falsecount="47" truecount="43" num="26" type="cond"/>
            <line num="27" count="43" type="stmt"/>
            <line num="30" count="47" type="stmt"/>
         </file>
         <file path="/home/sj445/ece651-sp25-sj445-battleship/app/src/main/java/edu/duke/sj445/battleship/InBoundsRuleChecker.java" name="InBoundsRuleChecker.java">
            <metrics coveredelements="28" coveredconditionals="10" complexity="8" loc="49" coveredmethods="3" methods="3" elements="28" classes="1" ncloc="33" statements="15" conditionals="10" coveredstatements="15"/>
            <class name="InBoundsRuleChecker">
               <metrics coveredelements="28" coveredconditionals="10" complexity="8" coveredmethods="3" methods="3" elements="28" statements="15" conditionals="10" coveredstatements="15"/>
            </class>
            <line complexity="5" visibility="protected" signature="checkMyRule(Ship&lt;T&gt;,Board&lt;T&gt;) : String" num="6" count="68" type="method"/>
            <line num="9" count="68" type="stmt"/>
            <line num="10" count="234" type="stmt"/>
            <line falsecount="233" truecount="1" num="10" type="cond"/>
            <line num="11" count="1" type="stmt"/>
            <line num="13" count="233" type="stmt"/>
            <line falsecount="226" truecount="7" num="13" type="cond"/>
            <line num="14" count="7" type="stmt"/>
            <line num="16" count="226" type="stmt"/>
            <line falsecount="225" truecount="1" num="16" type="cond"/>
            <line num="17" count="1" type="stmt"/>
            <line num="19" count="225" type="stmt"/>
            <line falsecount="212" truecount="13" num="19" type="cond"/>
            <line num="20" count="13" type="stmt"/>
            <line num="23" count="46" type="stmt"/>
            <line complexity="2" visibility="protected" signature="checkCollision(Ship&lt;T&gt;,Board&lt;T&gt;) : String" num="26" count="46" type="method"/>
            <line num="29" count="46" type="stmt"/>
            <line num="30" count="156" type="stmt"/>
            <line falsecount="155" truecount="1" num="30" type="cond"/>
            <line num="31" count="1" type="stmt"/>
            <line num="34" count="45" type="stmt"/>
            <line complexity="1" visibility="public" signature="InBoundsRuleChecker(PlacementRuleChecker&lt;T&gt;)" num="37" count="27" type="method"/>
            <line num="38" count="27" type="stmt"/>
         </file>
         <file path="/home/sj445/ece651-sp25-sj445-battleship/app/src/main/java/edu/duke/sj445/battleship/Placement.java" name="Placement.java">
            <metrics coveredelements="30" coveredconditionals="6" complexity="21" loc="72" coveredmethods="7" methods="7" elements="30" classes="1" ncloc="47" statements="17" conditionals="6" coveredstatements="17"/>
            <class name="Placement">
               <metrics coveredelements="30" coveredconditionals="6" complexity="21" coveredmethods="7" methods="7" elements="30" statements="17" conditionals="6" coveredstatements="17"/>
            </class>
            <line complexity="1" visibility="public" signature="getCoordinate() : Coordinate" num="17" count="67" type="method"/>
            <line num="18" count="67" type="stmt"/>
            <line complexity="1" visibility="public" signature="getOrientation() : Character" num="22" count="128" type="method"/>
            <line num="23" count="128" type="stmt"/>
            <line complexity="1" visibility="public" signature="Placement(Coordinate,Character)" num="26" count="36" type="method"/>
            <line num="27" count="36" type="stmt"/>
            <line num="31" count="36" type="stmt"/>
            <line complexity="14" visibility="public" signature="Placement(String)" num="34" count="62" type="method"/>
            <line num="35" count="62" type="stmt"/>
            <line falsecount="59" truecount="3" num="35" type="cond"/>
            <line num="36" count="3" type="stmt"/>
            <line num="39" count="59" type="stmt"/>
            <line num="40" count="52" type="stmt"/>
            <line num="41" count="52" type="stmt"/>
            <line falsecount="2" truecount="50" num="41" type="cond"/>
            <line num="45" count="50" type="stmt"/>
            <line num="48" count="2" type="stmt"/>
            <line complexity="2" visibility="public" signature="equals(Object) : boolean" num="52" count="10" type="method"/>
            <line num="54" count="10" type="stmt"/>
            <line falsecount="1" truecount="9" num="54" type="cond"/>
            <line num="55" count="9" type="stmt"/>
            <line num="56" count="9" type="stmt"/>
            <line num="58" count="1" type="stmt"/>
            <line complexity="1" visibility="public" signature="hashCode() : int" num="62" count="2" type="method"/>
            <line num="64" count="2" type="stmt"/>
            <line complexity="1" visibility="public" signature="toString() : String" num="67" count="2" type="method"/>
            <line num="69" count="2" type="stmt"/>
         </file>
         <file path="/home/sj445/ece651-sp25-sj445-battleship/app/src/main/java/edu/duke/sj445/battleship/V1ShipFactory.java" name="V1ShipFactory.java">
            <metrics coveredelements="27" coveredconditionals="4" complexity="12" loc="53" coveredmethods="6" methods="6" elements="27" classes="1" ncloc="38" statements="17" conditionals="4" coveredstatements="17"/>
            <class name="V1ShipFactory">
               <metrics coveredelements="27" coveredconditionals="4" complexity="12" coveredmethods="6" methods="6" elements="27" statements="17" conditionals="4" coveredstatements="17"/>
            </class>
            <line complexity="3" visibility="protected" signature="createShip(Placement,int,int,char,String) : Ship&lt;Character&gt;" num="6" count="32" type="method"/>
            <line num="8" count="32" type="stmt"/>
            <line num="9" count="32" type="stmt"/>
            <line num="10" count="32" type="stmt"/>
            <line num="10" count="32" type="stmt"/>
            <line num="12" count="32" type="stmt"/>
            <line falsecount="25" truecount="7" num="12" type="cond"/>
            <line num="13" count="7" type="stmt"/>
            <line num="15" count="32" type="stmt"/>
            <line complexity="5" visibility="public" signature="Orientation_checker_v1(Placement) : boolean" num="19" count="33" type="method"/>
            <line num="20" count="33" type="stmt"/>
            <line num="21" count="33" type="stmt"/>
            <line falsecount="30" truecount="3" num="21" type="cond"/>
            <line num="23" count="3" type="stmt"/>
            <line num="25" count="30" type="stmt"/>
            <line complexity="1" visibility="public" signature="makeSubmarine(Placement) : Ship&lt;Character&gt;" num="28" count="17" type="method"/>
            <line num="31" count="17" type="stmt"/>
            <line num="32" count="15" type="stmt"/>
            <line complexity="1" visibility="public" signature="makeBattleship(Placement) : Ship&lt;Character&gt;" num="35" count="1" type="method"/>
            <line num="38" count="1" type="stmt"/>
            <line complexity="1" visibility="public" signature="makeCarrier(Placement) : Ship&lt;Character&gt;" num="41" count="1" type="method"/>
            <line num="44" count="1" type="stmt"/>
            <line complexity="1" visibility="public" signature="makeDestroyer(Placement) : Ship&lt;Character&gt;" num="47" count="16" type="method"/>
            <line num="50" count="16" type="stmt"/>
            <line num="51" count="15" type="stmt"/>
         </file>
         <file path="/home/sj445/ece651-sp25-sj445-battleship/app/src/main/java/edu/duke/sj445/battleship/Board.java" name="Board.java">
            <metrics coveredelements="0" coveredconditionals="0" complexity="0" loc="22" coveredmethods="0" methods="0" elements="0" classes="1" ncloc="15" statements="0" conditionals="0" coveredstatements="0"/>
            <class name="Board">
               <metrics coveredelements="0" coveredconditionals="0" complexity="0" coveredmethods="0" methods="0" elements="0" statements="0" conditionals="0" coveredstatements="0"/>
            </class>
         </file>
         <file path="/home/sj445/ece651-sp25-sj445-battleship/app/src/main/java/edu/duke/sj445/battleship/ShipDisplayInfo.java" name="ShipDisplayInfo.java">
            <metrics coveredelements="0" coveredconditionals="0" complexity="0" loc="10" coveredmethods="0" methods="0" elements="0" classes="1" ncloc="4" statements="0" conditionals="0" coveredstatements="0"/>
            <class name="ShipDisplayInfo">
               <metrics coveredelements="0" coveredconditionals="0" complexity="0" coveredmethods="0" methods="0" elements="0" statements="0" conditionals="0" coveredstatements="0"/>
            </class>
         </file>
         <file path="/home/sj445/ece651-sp25-sj445-battleship/app/src/main/java/edu/duke/sj445/battleship/Ship.java" name="Ship.java">
            <metrics coveredelements="0" coveredconditionals="0" complexity="0" loc="76" coveredmethods="0" methods="0" elements="0" classes="1" ncloc="14" statements="0" conditionals="0" coveredstatements="0"/>
            <class name="Ship">
               <metrics coveredelements="0" coveredconditionals="0" complexity="0" coveredmethods="0" methods="0" elements="0" statements="0" conditionals="0" coveredstatements="0"/>
            </class>
         </file>
         <file path="/home/sj445/ece651-sp25-sj445-battleship/app/src/main/java/edu/duke/sj445/battleship/NoCollisionRuleChecker.java" name="NoCollisionRuleChecker.java">
            <metrics coveredelements="28" coveredconditionals="10" complexity="8" loc="56" coveredmethods="3" methods="3" elements="28" classes="1" ncloc="33" statements="15" conditionals="10" coveredstatements="15"/>
            <class name="NoCollisionRuleChecker">
               <metrics coveredelements="28" coveredconditionals="10" complexity="8" coveredmethods="3" methods="3" elements="28" statements="15" conditionals="10" coveredstatements="15"/>
            </class>
            <line complexity="2" visibility="protected" signature="checkCollision(Ship&lt;T&gt;,Board&lt;T&gt;) : String" num="13" count="49" type="method"/>
            <line num="16" count="49" type="stmt"/>
            <line num="17" count="164" type="stmt"/>
            <line falsecount="161" truecount="3" num="17" type="cond"/>
            <line num="18" count="3" type="stmt"/>
            <line num="21" count="46" type="stmt"/>
            <line complexity="5" visibility="protected" signature="checkMyRule(Ship&lt;T&gt;,Board&lt;T&gt;) : String" num="24" count="51" type="method"/>
            <line num="27" count="51" type="stmt"/>
            <line num="34" count="162" type="stmt"/>
            <line falsecount="161" truecount="1" num="34" type="cond"/>
            <line num="35" count="1" type="stmt"/>
            <line num="37" count="161" type="stmt"/>
            <line falsecount="160" truecount="1" num="37" type="cond"/>
            <line num="38" count="1" type="stmt"/>
            <line num="40" count="160" type="stmt"/>
            <line falsecount="159" truecount="1" num="40" type="cond"/>
            <line num="41" count="1" type="stmt"/>
            <line num="43" count="159" type="stmt"/>
            <line falsecount="158" truecount="1" num="43" type="cond"/>
            <line num="44" count="1" type="stmt"/>
            <line num="47" count="47" type="stmt"/>
            <line complexity="1" visibility="public" signature="NoCollisionRuleChecker(PlacementRuleChecker&lt;T&gt;)" num="52" count="27" type="method"/>
            <line num="53" count="27" type="stmt"/>
         </file>
         <file path="/home/sj445/ece651-sp25-sj445-battleship/app/src/main/java/edu/duke/sj445/battleship/RectangleShip.java" name="RectangleShip.java">
            <metrics coveredelements="180" coveredconditionals="56" complexity="56" loc="208" coveredmethods="8" methods="8" elements="180" classes="1" ncloc="168" statements="116" conditionals="56" coveredstatements="116"/>
            <class name="RectangleShip">
               <metrics coveredelements="180" coveredconditionals="56" complexity="56" coveredmethods="8" methods="8" elements="180" statements="116" conditionals="56" coveredstatements="116"/>
            </class>
            <line complexity="1" visibility="public" signature="getName() : String" num="21" count="185" type="method"/>
            <line num="22" count="185" type="stmt"/>
            <line complexity="3" visibility="package" signature="makeCoords(Coordinate,int,int) : HashSet&lt;Coordinate&gt;" num="26" count="109" type="method"/>
            <line num="28" count="109" type="stmt"/>
            <line num="29" count="109" type="stmt"/>
            <line falsecount="109" truecount="209" num="29" type="cond"/>
            <line num="30" count="209" type="stmt"/>
            <line falsecount="209" truecount="280" num="30" type="cond"/>
            <line num="31" count="280" type="stmt"/>
            <line num="34" count="109" type="stmt"/>
            <line complexity="19" visibility="package" signature="makeCoords_V2(Coordinate,Character,String) : HashSet&lt;Coordinate&gt;" num="39" count="26" type="method"/>
            <line num="40" count="26" type="stmt"/>
            <line num="41" count="26" type="stmt"/>
            <line num="42" count="26" type="stmt"/>
            <line num="43" count="26" type="stmt"/>
            <line falsecount="12" truecount="14" num="43" type="cond"/>
            <line num="44" count="14" type="stmt"/>
            <line falsecount="6" truecount="8" num="44" type="cond"/>
            <line num="45" count="8" type="stmt"/>
            <line num="46" count="8" type="stmt"/>
            <line num="48" count="14" type="stmt"/>
            <line falsecount="13" truecount="1" num="48" type="cond"/>
            <line num="49" count="1" type="stmt"/>
            <line num="50" count="1" type="stmt"/>
            <line num="52" count="14" type="stmt"/>
            <line falsecount="13" truecount="1" num="52" type="cond"/>
            <line num="53" count="1" type="stmt"/>
            <line num="54" count="1" type="stmt"/>
            <line num="56" count="14" type="stmt"/>
            <line falsecount="10" truecount="4" num="56" type="cond"/>
            <line num="57" count="4" type="stmt"/>
            <line num="58" count="4" type="stmt"/>
            <line num="62" count="26" type="stmt"/>
            <line falsecount="14" truecount="12" num="62" type="cond"/>
            <line num="63" count="12" type="stmt"/>
            <line falsecount="10" truecount="2" num="63" type="cond"/>
            <line num="64" count="2" type="stmt"/>
            <line num="65" count="2" type="stmt"/>
            <line num="68" count="12" type="stmt"/>
            <line falsecount="5" truecount="7" num="68" type="cond"/>
            <line num="69" count="7" type="stmt"/>
            <line num="70" count="7" type="stmt"/>
            <line num="72" count="12" type="stmt"/>
            <line falsecount="11" truecount="1" num="72" type="cond"/>
            <line num="73" count="1" type="stmt"/>
            <line num="74" count="1" type="stmt"/>
            <line num="76" count="12" type="stmt"/>
            <line falsecount="10" truecount="2" num="76" type="cond"/>
            <line num="77" count="2" type="stmt"/>
            <line num="78" count="2" type="stmt"/>
            <line num="81" count="26" type="stmt"/>
            <line complexity="29" visibility="package" signature="make_Order(Coordinate,Character,String) : HashMap&lt;Coordinate, Integer&gt;" num="87" count="82" type="method"/>
            <line num="88" count="82" type="stmt"/>
            <line num="89" count="82" type="stmt"/>
            <line num="90" count="82" type="stmt"/>
            <line num="91" count="82" type="stmt"/>
            <line falsecount="68" truecount="14" num="91" type="cond"/>
            <line num="92" count="14" type="stmt"/>
            <line falsecount="6" truecount="8" num="92" type="cond"/>
            <line num="93" count="8" type="stmt"/>
            <line num="94" count="8" type="stmt"/>
            <line num="95" count="8" type="stmt"/>
            <line num="96" count="8" type="stmt"/>
            <line num="98" count="14" type="stmt"/>
            <line falsecount="13" truecount="1" num="98" type="cond"/>
            <line num="99" count="1" type="stmt"/>
            <line num="100" count="1" type="stmt"/>
            <line num="101" count="1" type="stmt"/>
            <line num="102" count="1" type="stmt"/>
            <line num="104" count="14" type="stmt"/>
            <line falsecount="13" truecount="1" num="104" type="cond"/>
            <line num="105" count="1" type="stmt"/>
            <line num="106" count="1" type="stmt"/>
            <line num="107" count="1" type="stmt"/>
            <line num="108" count="1" type="stmt"/>
            <line num="110" count="14" type="stmt"/>
            <line falsecount="10" truecount="4" num="110" type="cond"/>
            <line num="111" count="4" type="stmt"/>
            <line num="112" count="4" type="stmt"/>
            <line num="113" count="4" type="stmt"/>
            <line num="114" count="4" type="stmt"/>
            <line num="118" count="82" type="stmt"/>
            <line falsecount="69" truecount="13" num="118" type="cond"/>
            <line num="119" count="13" type="stmt"/>
            <line falsecount="11" truecount="2" num="119" type="cond"/>
            <line num="120" count="2" type="stmt"/>
            <line num="121" count="2" type="stmt"/>
            <line num="122" count="2" type="stmt"/>
            <line num="123" count="2" type="stmt"/>
            <line num="124" count="2" type="stmt"/>
            <line num="125" count="2" type="stmt"/>
            <line num="126" count="2" type="stmt"/>
            <line num="128" count="13" type="stmt"/>
            <line falsecount="6" truecount="7" num="128" type="cond"/>
            <line num="129" count="7" type="stmt"/>
            <line num="130" count="7" type="stmt"/>
            <line num="131" count="7" type="stmt"/>
            <line num="132" count="7" type="stmt"/>
            <line num="133" count="7" type="stmt"/>
            <line num="134" count="7" type="stmt"/>
            <line num="135" count="7" type="stmt"/>
            <line num="137" count="13" type="stmt"/>
            <line falsecount="12" truecount="1" num="137" type="cond"/>
            <line num="138" count="1" type="stmt"/>
            <line num="139" count="1" type="stmt"/>
            <line num="140" count="1" type="stmt"/>
            <line num="141" count="1" type="stmt"/>
            <line num="142" count="1" type="stmt"/>
            <line num="143" count="1" type="stmt"/>
            <line num="144" count="1" type="stmt"/>
            <line num="146" count="13" type="stmt"/>
            <line falsecount="11" truecount="2" num="146" type="cond"/>
            <line num="147" count="2" type="stmt"/>
            <line num="148" count="2" type="stmt"/>
            <line num="149" count="2" type="stmt"/>
            <line num="150" count="2" type="stmt"/>
            <line num="151" count="2" type="stmt"/>
            <line num="152" count="2" type="stmt"/>
            <line num="153" count="2" type="stmt"/>
            <line num="157" count="82" type="stmt"/>
            <line falsecount="61" truecount="21" num="157" type="cond"/>
            <line num="158" count="21" type="stmt"/>
            <line falsecount="12" truecount="9" num="158" type="cond"/>
            <line num="159" count="9" type="stmt"/>
            <line num="160" count="9" type="stmt"/>
            <line num="162" count="21" type="stmt"/>
            <line falsecount="9" truecount="12" num="162" type="cond"/>
            <line num="163" count="12" type="stmt"/>
            <line num="164" count="12" type="stmt"/>
            <line num="167" count="82" type="stmt"/>
            <line falsecount="66" truecount="16" num="167" type="cond"/>
            <line num="168" count="16" type="stmt"/>
            <line falsecount="2" truecount="14" num="168" type="cond"/>
            <line num="169" count="14" type="stmt"/>
            <line num="170" count="14" type="stmt"/>
            <line num="171" count="14" type="stmt"/>
            <line num="173" count="16" type="stmt"/>
            <line falsecount="14" truecount="2" num="173" type="cond"/>
            <line num="174" count="2" type="stmt"/>
            <line num="175" count="2" type="stmt"/>
            <line num="176" count="2" type="stmt"/>
            <line num="179" count="82" type="stmt"/>
            <line complexity="1" visibility="public" signature="RectangleShip(String,Coordinate,int,int,ShipDisplayInfo&lt;T&gt;,ShipDisplayInfo&lt;T&gt;,Character)" num="184" count="56" type="method"/>
            <line num="185" count="56" type="stmt"/>
            <line num="186" count="56" type="stmt"/>
            <line complexity="1" visibility="public" signature="RectangleShip(String,Coordinate,int,int,T,T,Character)" num="189" count="52" type="method"/>
            <line num="190" count="52" type="stmt"/>
            <line complexity="1" visibility="public" signature="RectangleShip(Coordinate,T,T)" num="192" count="3" type="method"/>
            <line num="193" count="3" type="stmt"/>
            <line complexity="1" visibility="public" signature="RectangleShip(Coordinate,T,T,Character,String)" num="196" count="26" type="method"/>
            <line num="197" count="26" type="stmt"/>
            <line num="198" count="26" type="stmt"/>
         </file>
         <file path="/home/sj445/ece651-sp25-sj445-battleship/app/src/main/java/edu/duke/sj445/battleship/BattleShipBoard.java" name="BattleShipBoard.java">
            <metrics coveredelements="118" coveredconditionals="32" complexity="33" loc="212" coveredmethods="13" methods="13" elements="123" classes="1" ncloc="142" statements="76" conditionals="34" coveredstatements="73"/>
            <class name="BattleShipBoard">
               <metrics coveredelements="118" coveredconditionals="32" complexity="33" coveredmethods="13" methods="13" elements="123" statements="76" conditionals="34" coveredstatements="73"/>
            </class>
            <line complexity="1" visibility="public" signature="getWidth() : int" num="33" count="85142" type="method"/>
            <line num="34" count="85142" type="stmt"/>
            <line complexity="1" visibility="public" signature="getHeight() : int" num="39" count="4566" type="method"/>
            <line num="40" count="4566" type="stmt"/>
            <line complexity="1" visibility="public" signature="BattleShipBoard(int,int,T)" num="49" count="22" type="method"/>
            <line num="50" count="22" type="stmt"/>
            <line complexity="3" visibility="public" signature="BattleShipBoard(int,int,PlacementRuleChecker&lt;T&gt;,T)" num="53" count="34" type="method"/>
            <line num="54" count="34" type="stmt"/>
            <line falsecount="32" truecount="2" num="54" type="cond"/>
            <line num="55" count="2" type="stmt"/>
            <line num="57" count="32" type="stmt"/>
            <line falsecount="30" truecount="2" num="57" type="cond"/>
            <line num="58" count="2" type="stmt"/>
            <line num="60" count="30" type="stmt"/>
            <line num="61" count="30" type="stmt"/>
            <line num="62" count="30" type="stmt"/>
            <line num="63" count="30" type="stmt"/>
            <line num="64" count="30" type="stmt"/>
            <line num="65" count="30" type="stmt"/>
            <line num="66" count="30" type="stmt"/>
            <line num="67" count="30" type="stmt"/>
            <line complexity="2" visibility="public" signature="tryAddShip(Ship&lt;T&gt;) : String" num="71" count="50" type="method"/>
            <line num="72" count="50" type="stmt"/>
            <line falsecount="46" truecount="4" num="72" type="cond"/>
            <line num="73" count="4" type="stmt"/>
            <line num="76" count="46" type="stmt"/>
            <line num="78" count="46" type="stmt"/>
            <line complexity="1" visibility="public" signature="whatIsAtForSelf(Coordinate) : T" num="81" count="25932" type="method"/>
            <line num="84" count="25932" type="stmt"/>
            <line complexity="8" visibility="protected" signature="whatIsAt(Coordinate,boolean) : T" num="87" count="43201" type="method"/>
            <line num="90" count="43201" type="stmt"/>
            <line falsecount="41386" truecount="1815" num="90" type="cond"/>
            <line num="91" count="1815" type="stmt"/>
            <line num="93" count="41386" type="stmt"/>
            <line falsecount="41259" truecount="127" num="93" type="cond"/>
            <line num="94" count="127" type="stmt"/>
            <line num="96" count="41259" type="stmt"/>
            <line num="97" count="346652" type="stmt"/>
            <line falsecount="336897" truecount="9755" num="97" type="cond"/>
            <line num="98" count="9755" type="stmt"/>
            <line falsecount="9715" truecount="40" num="98" type="cond"/>
            <line num="99" count="40" type="stmt"/>
            <line num="101" count="9715" type="stmt"/>
            <line num="105" count="31504" type="stmt"/>
            <line complexity="1" visibility="public" signature="whatIsAtForEnemy(Coordinate) : T" num="108" count="17269" type="method"/>
            <line num="109" count="17269" type="stmt"/>
            <line complexity="2" visibility="public" signature="fireAt(Coordinate) : Ship&lt;T&gt;" num="112" count="84" type="method"/>
            <line num="114" count="84" type="stmt"/>
            <line num="115" count="358" type="stmt"/>
            <line falsecount="281" truecount="77" num="115" type="cond"/>
            <line num="116" count="77" type="stmt"/>
            <line num="117" count="77" type="stmt"/>
            <line num="118" count="77" type="stmt"/>
            <line num="119" count="77" type="stmt"/>
            <line num="123" count="7" type="stmt"/>
            <line num="124" count="7" type="stmt"/>
            <line complexity="2" visibility="public" signature="checkAllSunk() : boolean" num="127" count="83" type="method"/>
            <line num="128" count="83" type="stmt"/>
            <line num="129" count="103" type="stmt"/>
            <line falsecount="22" truecount="81" num="129" type="cond"/>
            <line num="130" count="81" type="stmt"/>
            <line num="133" count="2" type="stmt"/>
            <line complexity="2" visibility="public" signature="get_Ship(Coordinate) : Ship&lt;T&gt;" num="137" count="85" type="method"/>
            <line num="138" count="85" type="stmt"/>
            <line num="139" count="198" type="stmt"/>
            <line falsecount="113" truecount="85" num="139" type="cond"/>
            <line num="140" count="85" type="stmt"/>
            <line num="143" count="0" type="stmt"/>
            <line complexity="3" visibility="public" signature="remove_ship(Ship&lt;T&gt;,Ship&lt;T&gt;) : void" num="149" count="1" type="method"/>
            <line num="155" count="1" type="stmt"/>
            <line num="156" count="4" type="stmt"/>
            <line falsecount="4" truecount="4" num="156" type="cond"/>
            <line num="157" count="4" type="stmt"/>
            <line num="158" count="4" type="stmt"/>
            <line num="159" count="4" type="stmt"/>
            <line falsecount="3" truecount="1" num="159" type="cond"/>
            <line num="160" count="1" type="stmt"/>
            <line num="161" count="1" type="stmt"/>
            <line num="168" count="1" type="stmt"/>
            <line complexity="6" visibility="public" signature="sonarScanFind(HashSet&lt;Coordinate&gt;) : HashMap &lt;String , Integer&gt;" num="180" count="3" type="method"/>
            <line num="181" count="3" type="stmt"/>
            <line num="182" count="3" type="stmt"/>
            <line num="183" count="3" type="stmt"/>
            <line num="184" count="3" type="stmt"/>
            <line num="185" count="3" type="stmt"/>
            <line num="186" count="3" type="stmt"/>
            <line num="187" count="30" type="stmt"/>
            <line num="188" count="117" type="stmt"/>
            <line falsecount="96" truecount="21" num="188" type="cond"/>
            <line num="189" count="21" type="stmt"/>
            <line falsecount="21" truecount="0" num="189" type="cond"/>
            <line num="190" count="0" type="stmt"/>
            <line num="192" count="21" type="stmt"/>
            <line falsecount="21" truecount="0" num="192" type="cond"/>
            <line num="193" count="0" type="stmt"/>
            <line num="195" count="21" type="stmt"/>
            <line falsecount="9" truecount="12" num="195" type="cond"/>
            <line num="196" count="12" type="stmt"/>
            <line num="198" count="21" type="stmt"/>
            <line falsecount="12" truecount="9" num="198" type="cond"/>
            <line num="199" count="9" type="stmt"/>
            <line num="205" count="3" type="stmt"/>
            <line num="206" count="3" type="stmt"/>
            <line num="207" count="3" type="stmt"/>
            <line num="208" count="3" type="stmt"/>
            <line num="209" count="3" type="stmt"/>
         </file>
         <file path="/home/sj445/ece651-sp25-sj445-battleship/app/src/main/java/edu/duke/sj445/battleship/BasicShip.java" name="BasicShip.java">
            <metrics coveredelements="51" coveredconditionals="10" complexity="15" loc="112" coveredmethods="10" methods="10" elements="51" classes="1" ncloc="82" statements="31" conditionals="10" coveredstatements="31"/>
            <class name="BasicShip">
               <metrics coveredelements="51" coveredconditionals="10" complexity="15" coveredmethods="10" methods="10" elements="51" statements="31" conditionals="10" coveredstatements="31"/>
            </class>
            <line complexity="1" visibility="public" signature="BasicShip(Iterable&lt;Coordinate&gt;,ShipDisplayInfo&lt;T&gt;,ShipDisplayInfo&lt;T&gt;,HashMap&lt;Coordinate, Integer&gt;)" num="22" count="82" type="method"/>
            <line num="23" count="82" type="stmt"/>
            <line num="24" count="82" type="stmt"/>
            <line num="25" count="82" type="stmt"/>
            <line num="26" count="82" type="stmt"/>
            <line num="27" count="277" type="stmt"/>
            <line num="29" count="82" type="stmt"/>
            <line complexity="1" visibility="public" signature="getMyPieces_order() : HashMap&lt;Coordinate, Integer&gt;" num="35" count="46" type="method"/>
            <line num="37" count="46" type="stmt"/>
            <line complexity="1" visibility="public" signature="getCoordinates() : Iterable&lt;Coordinate&gt;" num="40" count="246" type="method"/>
            <line num="42" count="246" type="stmt"/>
            <line complexity="1" visibility="public" signature="occupiesCoordinates(Coordinate) : boolean" num="46" count="366949" type="method"/>
            <line num="50" count="366949" type="stmt"/>
            <line complexity="2" visibility="protected" signature="checkCoordinateInThisShip(Coordinate) : void" num="53" count="19685" type="method"/>
            <line num="54" count="19685" type="stmt"/>
            <line falsecount="19683" truecount="2" num="54" type="cond"/>
            <line num="55" count="2" type="stmt"/>
            <line complexity="2" visibility="public" signature="isSunk() : boolean" num="59" count="106" type="method"/>
            <line num="62" count="106" type="stmt"/>
            <line num="63" count="166" type="stmt"/>
            <line num="64" count="166" type="stmt"/>
            <line falsecount="84" truecount="82" num="64" type="cond"/>
            <line num="65" count="82" type="stmt"/>
            <line num="68" count="24" type="stmt"/>
            <line complexity="2" visibility="public" signature="recordHitAt(Coordinate) : void" num="71" count="83" type="method"/>
            <line num="74" count="83" type="stmt"/>
            <line num="75" count="82" type="stmt"/>
            <line num="76" count="282" type="stmt"/>
            <line falsecount="200" truecount="82" num="76" type="cond"/>
            <line num="77" count="82" type="stmt"/>
            <line complexity="1" visibility="public" signature="wasHitAt(Coordinate) : boolean" num="82" count="9718" type="method"/>
            <line num="85" count="9718" type="stmt"/>
            <line num="86" count="9718" type="stmt"/>
            <line complexity="2" visibility="public" signature="getDisplayInfoAt(Coordinate,boolean) : T" num="89" count="9717" type="method"/>
            <line num="92" count="9717" type="stmt"/>
            <line num="93" count="9717" type="stmt"/>
            <line falsecount="2333" truecount="7384" num="93" type="cond"/>
            <line num="94" count="7384" type="stmt"/>
            <line num="97" count="2333" type="stmt"/>
            <line complexity="2" visibility="public" signature="getOrder_hit() : List&lt;Integer&gt;" num="102" count="12" type="method"/>
            <line num="104" count="12" type="stmt"/>
            <line num="105" count="12" type="stmt"/>
            <line num="106" count="48" type="stmt"/>
            <line falsecount="36" truecount="12" num="106" type="cond"/>
            <line num="107" count="12" type="stmt"/>
            <line num="110" count="12" type="stmt"/>
         </file>
         <file path="/home/sj445/ece651-sp25-sj445-battleship/app/src/main/java/edu/duke/sj445/battleship/Coordinate.java" name="Coordinate.java">
            <metrics coveredelements="52" coveredconditionals="16" complexity="16" loc="88" coveredmethods="7" methods="7" elements="52" classes="1" ncloc="59" statements="29" conditionals="16" coveredstatements="29"/>
            <class name="Coordinate">
               <metrics coveredelements="52" coveredconditionals="16" complexity="16" coveredmethods="7" methods="7" elements="52" statements="29" conditionals="16" coveredstatements="29"/>
            </class>
            <line complexity="1" visibility="public" signature="getRow() : int" num="18" count="1359" type="method"/>
            <line num="19" count="1359" type="stmt"/>
            <line complexity="1" visibility="public" signature="getColumn() : int" num="22" count="1607" type="method"/>
            <line num="23" count="1607" type="stmt"/>
            <line complexity="1" visibility="public" signature="Coordinate(int,int)" num="26" count="43509" type="method"/>
            <line num="27" count="43509" type="stmt"/>
            <line num="28" count="43509" type="stmt"/>
            <line complexity="9" visibility="public" signature="Coordinate(String)" num="31" count="160" type="method"/>
            <line num="33" count="160" type="stmt"/>
            <line num="34" count="160" type="stmt"/>
            <line num="36" count="160" type="stmt"/>
            <line falsecount="158" truecount="2" num="36" type="cond"/>
            <line num="37" count="2" type="stmt"/>
            <line num="40" count="158" type="stmt"/>
            <line falsecount="142" truecount="309" num="40" type="cond"/>
            <line num="41" count="309" type="stmt"/>
            <line falsecount="151" truecount="158" num="41" type="cond"/>
            <line num="42" count="158" type="stmt"/>
            <line num="44" count="158" type="stmt"/>
            <line falsecount="150" truecount="8" num="44" type="cond"/>
            <line num="45" count="8" type="stmt"/>
            <line num="48" count="150" type="stmt"/>
            <line num="52" count="301" type="stmt"/>
            <line falsecount="151" truecount="150" num="52" type="cond"/>
            <line num="54" count="150" type="stmt"/>
            <line num="55" count="150" type="stmt"/>
            <line falsecount="143" truecount="7" num="55" type="cond"/>
            <line num="56" count="7" type="stmt"/>
            <line num="58" count="143" type="stmt"/>
            <line num="61" count="294" type="stmt"/>
            <line falsecount="293" truecount="1" num="61" type="cond"/>
            <line num="62" count="1" type="stmt"/>
            <line num="65" count="142" type="stmt"/>
            <line num="66" count="142" type="stmt"/>
            <line complexity="2" visibility="public" signature="equals(Object) : boolean" num="69" count="43154" type="method"/>
            <line num="71" count="43154" type="stmt"/>
            <line falsecount="1" truecount="43153" num="71" type="cond"/>
            <line num="72" count="43153" type="stmt"/>
            <line num="73" count="43153" type="stmt"/>
            <line num="75" count="1" type="stmt"/>
            <line complexity="1" visibility="public" signature="toString() : String" num="78" count="407833" type="method"/>
            <line num="80" count="407833" type="stmt"/>
            <line complexity="1" visibility="public" signature="hashCode() : int" num="83" count="407832" type="method"/>
            <line num="85" count="407832" type="stmt"/>
         </file>
         <file path="/home/sj445/ece651-sp25-sj445-battleship/app/src/main/java/edu/duke/sj445/battleship/SimpleShipDisplayInfo.java" name="SimpleShipDisplayInfo.java">
            <metrics coveredelements="9" coveredconditionals="2" complexity="3" loc="30" coveredmethods="2" methods="2" elements="9" classes="1" ncloc="17" statements="5" conditionals="2" coveredstatements="5"/>
            <class name="SimpleShipDisplayInfo">
               <metrics coveredelements="9" coveredconditionals="2" complexity="3" coveredmethods="2" methods="2" elements="9" statements="5" conditionals="2" coveredstatements="5"/>
            </class>
            <line complexity="1" visibility="public" signature="SimpleShipDisplayInfo(T,T)" num="14" count="165" type="method"/>
            <line num="15" count="165" type="stmt"/>
            <line num="16" count="165" type="stmt"/>
            <line complexity="2" visibility="public" signature="getInfo(Coordinate,boolean) : T" num="19" count="9719" type="method"/>
            <line num="22" count="9719" type="stmt"/>
            <line falsecount="8040" truecount="1679" num="22" type="cond"/>
            <line num="23" count="1679" type="stmt"/>
            <line num="25" count="8040" type="stmt"/>
         </file>
         <file path="/home/sj445/ece651-sp25-sj445-battleship/app/src/main/java/edu/duke/sj445/battleship/BoardTextView.java" name="BoardTextView.java">
            <metrics coveredelements="89" coveredconditionals="18" complexity="17" loc="143" coveredmethods="7" methods="7" elements="89" classes="1" ncloc="99" statements="64" conditionals="18" coveredstatements="64"/>
            <class name="BoardTextView">
               <metrics coveredelements="89" coveredconditionals="18" complexity="17" coveredmethods="7" methods="7" elements="89" statements="64" conditionals="18" coveredstatements="64"/>
            </class>
            <line complexity="3" visibility="public" signature="BoardTextView(Board&lt;Character&gt;)" num="27" count="98" type="method"/>
            <line num="28" count="98" type="stmt"/>
            <line num="29" count="98" type="stmt"/>
            <line falsecount="96" truecount="2" num="29" type="cond"/>
            <line num="30" count="2" type="stmt"/>
            <line complexity="1" visibility="public" signature="displayMyOwnBoard() : String" num="34" count="123" type="method"/>
            <line num="36" count="123" type="stmt"/>
            <line complexity="1" visibility="public" signature="displayEnemyBoard() : String" num="39" count="83" type="method"/>
            <line num="41" count="83" type="stmt"/>
            <line complexity="6" visibility="protected" signature="displayAnyBoard(Function&lt;Coordinate, Character&gt;) : String" num="44" count="206" type="method"/>
            <line num="45" count="206" type="stmt"/>
            <line num="46" count="206" type="stmt"/>
            <line num="50" count="206" type="stmt"/>
            <line falsecount="206" truecount="3832" num="50" type="cond"/>
            <line num="51" count="3832" type="stmt"/>
            <line num="52" count="3832" type="stmt"/>
            <line num="53" count="3832" type="stmt"/>
            <line num="54" count="3832" type="stmt"/>
            <line falsecount="3832" truecount="38138" num="54" type="cond"/>
            <line num="55" count="38138" type="stmt"/>
            <line falsecount="34306" truecount="3832" num="55" type="cond"/>
            <line num="56" count="3832" type="stmt"/>
            <line falsecount="3632" truecount="200" num="56" type="cond"/>
            <line num="57" count="200" type="stmt"/>
            <line num="58" count="200" type="stmt"/>
            <line num="61" count="3632" type="stmt"/>
            <line num="63" count="3832" type="stmt"/>
            <line num="66" count="34306" type="stmt"/>
            <line falsecount="29919" truecount="4387" num="66" type="cond"/>
            <line num="67" count="4387" type="stmt"/>
            <line num="70" count="29919" type="stmt"/>
            <line num="72" count="34306" type="stmt"/>
            <line num="75" count="3832" type="stmt"/>
            <line num="77" count="206" type="stmt"/>
            <line num="78" count="206" type="stmt"/>
            <line complexity="2" visibility="package" signature="makeHeader() : String" num="85" count="416" type="method"/>
            <line num="86" count="416" type="stmt"/>
            <line num="87" count="416" type="stmt"/>
            <line num="88" count="416" type="stmt"/>
            <line falsecount="416" truecount="4017" num="88" type="cond"/>
            <line num="89" count="4017" type="stmt"/>
            <line num="90" count="4017" type="stmt"/>
            <line num="91" count="4017" type="stmt"/>
            <line num="93" count="416" type="stmt"/>
            <line num="94" count="416" type="stmt"/>
            <line complexity="2" visibility="public" signature="displayMyBoardWithEnemyNextToIt(BoardTextView,String,String) : String" num="97" count="82" type="method"/>
            <line num="98" count="82" type="stmt"/>
            <line num="99" count="82" type="stmt"/>
            <line num="101" count="82" type="stmt"/>
            <line num="102" count="82" type="stmt"/>
            <line num="103" count="82" type="stmt"/>
            <line num="104" count="82" type="stmt"/>
            <line num="105" count="82" type="stmt"/>
            <line num="108" count="82" type="stmt"/>
            <line num="109" count="82" type="stmt"/>
            <line num="110" count="82" type="stmt"/>
            <line num="111" count="82" type="stmt"/>
            <line num="112" count="82" type="stmt"/>
            <line num="113" count="82" type="stmt"/>
            <line num="115" count="82" type="stmt"/>
            <line num="116" count="82" type="stmt"/>
            <line num="117" count="82" type="stmt"/>
            <line num="118" count="82" type="stmt"/>
            <line num="122" count="82" type="stmt"/>
            <line falsecount="82" truecount="1623" num="122" type="cond"/>
            <line num="123" count="1623" type="stmt"/>
            <line num="124" count="1623" type="stmt"/>
            <line num="125" count="1623" type="stmt"/>
            <line num="126" count="1623" type="stmt"/>
            <line num="129" count="82" type="stmt"/>
            <line num="130" count="82" type="stmt"/>
            <line num="131" count="82" type="stmt"/>
            <line num="132" count="82" type="stmt"/>
            <line num="133" count="82" type="stmt"/>
            <line complexity="2" visibility="public" signature="helper(int) : String" num="136" count="1951" type="method"/>
            <line num="137" count="1951" type="stmt"/>
            <line num="138" count="1951" type="stmt"/>
            <line falsecount="1951" truecount="31696" num="138" type="cond"/>
            <line num="139" count="31696" type="stmt"/>
            <line num="141" count="1951" type="stmt"/>
         </file>
         <file path="/home/sj445/ece651-sp25-sj445-battleship/app/src/main/java/edu/duke/sj445/battleship/TextPlayer.java" name="TextPlayer.java">
            <metrics coveredelements="203" coveredconditionals="41" complexity="58" loc="320" coveredmethods="15" methods="15" elements="223" classes="1" ncloc="256" statements="158" conditionals="50" coveredstatements="147"/>
            <class name="TextPlayer">
               <metrics coveredelements="203" coveredconditionals="41" complexity="58" coveredmethods="15" methods="15" elements="223" statements="158" conditionals="50" coveredstatements="147"/>
            </class>
            <line complexity="1" visibility="public" signature="TextPlayer(String,Board&lt;Character&gt;,BufferedReader,PrintStream,AbstractShipFactory&lt;Character&gt;)" num="29" count="8" type="method"/>
            <line num="31" count="8" type="stmt"/>
            <line num="32" count="8" type="stmt"/>
            <line num="33" count="8" type="stmt"/>
            <line num="34" count="8" type="stmt"/>
            <line num="35" count="8" type="stmt"/>
            <line num="36" count="8" type="stmt"/>
            <line num="39" count="8" type="stmt"/>
            <line num="40" count="8" type="stmt"/>
            <line num="41" count="8" type="stmt"/>
            <line num="42" count="8" type="stmt"/>
            <line complexity="1" visibility="protected" signature="setupShipCreationMap() : void" num="46" count="8" type="method"/>
            <line num="48" count="8" type="stmt"/>
            <line num="49" count="8" type="stmt"/>
            <line num="50" count="8" type="stmt"/>
            <line num="51" count="8" type="stmt"/>
            <line complexity="1" visibility="protected" signature="setupShipCreationList() : void" num="54" count="8" type="method"/>
            <line num="55" count="8" type="stmt"/>
            <line num="56" count="8" type="stmt"/>
            <line num="57" count="8" type="stmt"/>
            <line num="58" count="8" type="stmt"/>
            <line complexity="1" visibility="public" signature="readPlacement(String) : Placement" num="61" count="43" type="method"/>
            <line num="62" count="43" type="stmt"/>
            <line num="63" count="43" type="stmt"/>
            <line num="64" count="43" type="stmt"/>
            <line complexity="3" visibility="public" signature="doOnePlacement(String,Function&lt;Placement, Ship&lt;Character&gt;&gt;) : void" num="67" count="33" type="method"/>
            <line num="69" count="33" type="stmt"/>
            <line num="70" count="39" type="stmt"/>
            <line num="71" count="39" type="stmt"/>
            <line num="72" count="39" type="stmt"/>
            <line num="73" count="36" type="stmt"/>
            <line num="74" count="36" type="stmt"/>
            <line falsecount="3" truecount="33" num="74" type="cond"/>
            <line num="75" count="33" type="stmt"/>
            <line num="77" count="3" type="stmt"/>
            <line num="80" count="3" type="stmt"/>
            <line num="83" count="33" type="stmt"/>
            <line complexity="2" visibility="public" signature="doPlacementPhase() : void" num="88" count="3" type="method"/>
            <line num="89" count="3" type="stmt"/>
            <line num="91" count="3" type="stmt"/>
            <line falsecount="3" truecount="30" num="91" type="cond"/>
            <line num="92" count="30" type="stmt"/>
            <line complexity="2" visibility="public" signature="readCoordinate(String) : Coordinate" num="98" count="84" type="method"/>
            <line num="100" count="84" type="stmt"/>
            <line num="101" count="84" type="stmt"/>
            <line num="102" count="84" type="stmt"/>
            <line num="103" count="84" type="stmt"/>
            <line num="104" count="82" type="stmt"/>
            <line num="106" count="2" type="stmt"/>
            <line complexity="1" visibility="public" signature="playOneTurn(Board&lt;Character&gt;,String) : void" num="111" count="81" type="method"/>
            <line num="112" count="81" type="stmt"/>
            <line num="113" count="81" type="stmt"/>
            <line num="114" count="81" type="stmt"/>
            <line num="115" count="81" type="stmt"/>
            <line num="116" count="81" type="stmt"/>
            <line complexity="12" visibility="public" signature="playOneTurn_fire(Board&lt;Character&gt;,String) : void" num="121" count="77" type="method"/>
            <line num="123" count="77" type="stmt"/>
            <line num="124" count="77" type="stmt"/>
            <line num="125" count="77" type="stmt"/>
            <line num="126" count="77" type="stmt"/>
            <line num="127" count="78" type="stmt"/>
            <line num="128" count="78" type="stmt"/>
            <line num="129" count="77" type="stmt"/>
            <line num="131" count="1" type="stmt"/>
            <line num="134" count="77" type="stmt"/>
            <line num="135" count="77" type="stmt"/>
            <line falsecount="72" truecount="5" num="135" type="cond"/>
            <line num="136" count="5" type="stmt"/>
            <line num="139" count="72" type="stmt"/>
            <line falsecount="72" truecount="0" num="139" type="cond"/>
            <line num="140" count="72" type="stmt"/>
            <line num="141" count="72" type="stmt"/>
            <line falsecount="40" truecount="32" num="141" type="cond"/>
            <line num="142" count="32" type="stmt"/>
            <line num="143" count="40" type="stmt"/>
            <line falsecount="27" truecount="13" num="143" type="cond"/>
            <line num="144" count="13" type="stmt"/>
            <line num="145" count="27" type="stmt"/>
            <line falsecount="12" truecount="15" num="145" type="cond"/>
            <line num="146" count="15" type="stmt"/>
            <line num="147" count="12" type="stmt"/>
            <line falsecount="0" truecount="12" num="147" type="cond"/>
            <line num="148" count="12" type="stmt"/>
            <line num="150" count="72" type="stmt"/>
            <line complexity="10" visibility="public" signature="Read_Choice() : String" num="159" count="81" type="method"/>
            <line num="160" count="81" type="stmt"/>
            <line num="165" count="81" type="stmt"/>
            <line num="166" count="81" type="stmt"/>
            <line num="167" count="81" type="stmt"/>
            <line num="168" count="83" type="stmt"/>
            <line num="169" count="83" type="stmt"/>
            <line num="170" count="83" type="stmt"/>
            <line falsecount="83" truecount="0" num="170" type="cond"/>
            <line num="171" count="0" type="stmt"/>
            <line num="173" count="83" type="stmt"/>
            <line falsecount="81" truecount="2" num="173" type="cond"/>
            <line num="174" count="2" type="stmt"/>
            <line num="176" count="81" type="stmt"/>
            <line falsecount="81" truecount="0" num="176" type="cond"/>
            <line num="177" count="0" type="stmt"/>
            <line num="179" count="81" type="stmt"/>
            <line falsecount="81" truecount="0" num="179" type="cond"/>
            <line num="180" count="0" type="stmt"/>
            <line num="182" count="81" type="stmt"/>
            <line num="184" count="2" type="stmt"/>
            <line num="187" count="81" type="stmt"/>
            <line complexity="4" visibility="public" signature="choiceReader(Board&lt;Character&gt;,String) : void" num="191" count="81" type="method"/>
            <line num="192" count="81" type="stmt"/>
            <line num="193" count="81" type="stmt"/>
            <line falsecount="4" truecount="77" num="193" type="cond"/>
            <line num="194" count="77" type="stmt"/>
            <line num="195" count="4" type="stmt"/>
            <line falsecount="3" truecount="1" num="195" type="cond"/>
            <line num="196" count="1" type="stmt"/>
            <line falsecount="1" truecount="0" num="196" type="cond"/>
            <line num="197" count="0" type="stmt"/>
            <line num="199" count="1" type="stmt"/>
            <line num="200" count="1" type="stmt"/>
            <line num="205" count="3" type="stmt"/>
            <line num="206" count="3" type="stmt"/>
            <line complexity="5" visibility="public" signature="move() : boolean" num="216" count="1" type="method"/>
            <line num="217" count="1" type="stmt"/>
            <line num="218" count="1" type="stmt"/>
            <line num="219" count="1" type="stmt"/>
            <line num="220" count="1" type="stmt"/>
            <line num="221" count="1" type="stmt"/>
            <line num="223" count="1" type="stmt"/>
            <line num="224" count="1" type="stmt"/>
            <line num="225" count="1" type="stmt"/>
            <line num="226" count="1" type="stmt"/>
            <line num="227" count="1" type="stmt"/>
            <line falsecount="1" truecount="0" num="227" type="cond"/>
            <line num="228" count="0" type="stmt"/>
            <line num="230" count="1" type="stmt"/>
            <line num="232" count="0" type="stmt"/>
            <line num="235" count="1" type="stmt"/>
            <line num="236" count="1" type="stmt"/>
            <line num="237" count="1" type="stmt"/>
            <line num="238" count="1" type="stmt"/>
            <line num="239" count="1" type="stmt"/>
            <line num="241" count="0" type="stmt"/>
            <line num="242" count="0" type="stmt"/>
            <line num="245" count="1" type="stmt"/>
            <line num="246" count="1" type="stmt"/>
            <line num="247" count="1" type="stmt"/>
            <line num="248" count="1" type="stmt"/>
            <line falsecount="1" truecount="0" num="248" type="cond"/>
            <line num="249" count="0" type="stmt"/>
            <line num="251" count="1" type="stmt"/>
            <line num="252" count="1" type="stmt"/>
            <line complexity="7" visibility="public" signature="getDiamond(int,int) : HashSet&lt;Coordinate&gt;" num="257" count="3" type="method"/>
            <line num="258" count="3" type="stmt"/>
            <line num="259" count="3" type="stmt"/>
            <line num="261" count="3" type="stmt"/>
            <line num="262" count="3" type="stmt"/>
            <line falsecount="3" truecount="12" num="262" type="cond"/>
            <line num="263" count="12" type="stmt"/>
            <line num="264" count="12" type="stmt"/>
            <line num="266" count="12" type="stmt"/>
            <line falsecount="12" truecount="48" num="266" type="cond"/>
            <line num="267" count="48" type="stmt"/>
            <line falsecount="36" truecount="12" num="267" type="cond"/>
            <line num="268" count="12" type="stmt"/>
            <line num="270" count="48" type="stmt"/>
            <line num="271" count="48" type="stmt"/>
            <line num="275" count="3" type="stmt"/>
            <line falsecount="3" truecount="9" num="275" type="cond"/>
            <line num="276" count="9" type="stmt"/>
            <line num="277" count="9" type="stmt"/>
            <line num="278" count="9" type="stmt"/>
            <line falsecount="9" truecount="27" num="278" type="cond"/>
            <line num="279" count="27" type="stmt"/>
            <line falsecount="9" truecount="18" num="279" type="cond"/>
            <line num="280" count="18" type="stmt"/>
            <line num="282" count="27" type="stmt"/>
            <line num="283" count="27" type="stmt"/>
            <line num="286" count="3" type="stmt"/>
            <line complexity="5" visibility="public" signature="isInRange(int,int) : boolean" num="289" count="78" type="method"/>
            <line num="290" count="78" type="stmt"/>
            <line falsecount="33" truecount="45" num="290" type="cond"/>
            <line num="291" count="45" type="stmt"/>
            <line num="293" count="33" type="stmt"/>
            <line complexity="3" visibility="public" signature="sonarScan(Board&lt;Character&gt;) : void" num="296" count="3" type="method"/>
            <line num="297" count="3" type="stmt"/>
            <line num="298" count="3" type="stmt"/>
            <line num="299" count="3" type="stmt"/>
            <line num="300" count="3" type="stmt"/>
            <line num="301" count="3" type="stmt"/>
            <line num="302" count="3" type="stmt"/>
            <line falsecount="3" truecount="0" num="302" type="cond"/>
            <line num="303" count="0" type="stmt"/>
            <line num="305" count="3" type="stmt"/>
            <line num="307" count="0" type="stmt"/>
            <line num="310" count="3" type="stmt"/>
            <line num="311" count="3" type="stmt"/>
            <line num="312" count="3" type="stmt"/>
            <line num="313" count="3" type="stmt"/>
            <line num="314" count="3" type="stmt"/>
         </file>
         <file path="/home/sj445/ece651-sp25-sj445-battleship/app/src/main/java/edu/duke/sj445/battleship/AbstractShipFactory.java" name="AbstractShipFactory.java">
            <metrics coveredelements="0" coveredconditionals="0" complexity="0" loc="42" coveredmethods="0" methods="0" elements="0" classes="1" ncloc="7" statements="0" conditionals="0" coveredstatements="0"/>
            <class name="AbstractShipFactory">
               <metrics coveredelements="0" coveredconditionals="0" complexity="0" coveredmethods="0" methods="0" elements="0" statements="0" conditionals="0" coveredstatements="0"/>
            </class>
         </file>
         <file path="/home/sj445/ece651-sp25-sj445-battleship/app/src/main/java/edu/duke/sj445/battleship/V2ShipFactory.java" name="V2ShipFactory.java">
            <metrics coveredelements="13" coveredconditionals="2" complexity="11" loc="69" coveredmethods="3" methods="3" elements="13" classes="1" ncloc="23" statements="8" conditionals="2" coveredstatements="8"/>
            <class name="V2ShipFactory">
               <metrics coveredelements="13" coveredconditionals="2" complexity="11" coveredmethods="3" methods="3" elements="13" statements="8" conditionals="2" coveredstatements="8"/>
            </class>
            <line complexity="9" visibility="public" signature="Orientation_checker(Placement) : boolean" num="9" count="30" type="method"/>
            <line num="10" count="30" type="stmt"/>
            <line num="11" count="30" type="stmt"/>
            <line falsecount="26" truecount="4" num="11" type="cond"/>
            <line num="14" count="4" type="stmt"/>
            <line num="16" count="26" type="stmt"/>
            <line complexity="1" visibility="public" signature="makeBattleship(Placement) : Ship&lt;Character&gt;" num="19" count="17" type="method"/>
            <line num="22" count="17" type="stmt"/>
            <line num="23" count="14" type="stmt"/>
            <line complexity="1" visibility="public" signature="makeCarrier(Placement) : Ship&lt;Character&gt;" num="26" count="13" type="method"/>
            <line num="29" count="13" type="stmt"/>
            <line num="30" count="12" type="stmt"/>
         </file>
         <file path="/home/sj445/ece651-sp25-sj445-battleship/app/src/main/java/edu/duke/sj445/battleship/App.java" name="App.java">
            <metrics coveredelements="27" coveredconditionals="3" complexity="6" loc="85" coveredmethods="4" methods="4" elements="30" classes="1" ncloc="47" statements="22" conditionals="4" coveredstatements="20"/>
            <class name="App">
               <metrics coveredelements="27" coveredconditionals="3" complexity="6" coveredmethods="4" methods="4" elements="30" statements="22" conditionals="4" coveredstatements="20"/>
            </class>
            <line complexity="1" visibility="public" signature="App(TextPlayer,TextPlayer)" num="23" count="1" type="method"/>
            <line num="24" count="1" type="stmt"/>
            <line num="25" count="1" type="stmt"/>
            <line complexity="1" visibility="public" signature="main(String[]) : void" num="29" count="1" type="method"/>
            <line num="31" count="1" type="stmt"/>
            <line num="32" count="1" type="stmt"/>
            <line num="35" count="1" type="stmt"/>
            <line num="36" count="1" type="stmt"/>
            <line num="37" count="1" type="stmt"/>
            <line num="38" count="1" type="stmt"/>
            <line num="39" count="1" type="stmt"/>
            <line num="45" count="1" type="stmt"/>
            <line num="46" count="1" type="stmt"/>
            <line complexity="1" visibility="public" signature="doPlacementPhase() : void" num="64" count="1" type="method"/>
            <line num="65" count="1" type="stmt"/>
            <line num="66" count="1" type="stmt"/>
            <line complexity="3" visibility="public" signature="doAttackingPhase() : void" num="69" count="1" type="method"/>
            <line num="70" count="1" type="stmt"/>
            <line num="71" count="41" type="stmt"/>
            <line num="72" count="41" type="stmt"/>
            <line falsecount="40" truecount="1" num="72" type="cond"/>
            <line num="73" count="1" type="stmt"/>
            <line num="74" count="1" type="stmt"/>
            <line num="76" count="40" type="stmt"/>
            <line num="77" count="40" type="stmt"/>
            <line falsecount="40" truecount="0" num="77" type="cond"/>
            <line num="78" count="0" type="stmt"/>
            <line num="79" count="0" type="stmt"/>
         </file>
      </package>
   </project>
   <testproject name="app" timestamp="1739926717448">
      <metrics coveredelements="538" complexity="66" loc="1401" methods="63" classes="17" statements="469" packages="1" coveredconditionals="6" coveredmethods="63" elements="538" ncloc="955" files="17" conditionals="6" coveredstatements="469"/>
      <package name="edu.duke.sj445.battleship">
         <metrics coveredelements="538" complexity="66" loc="1401" methods="63" classes="17" statements="469" coveredconditionals="6" coveredmethods="63" elements="538" ncloc="955" files="17" conditionals="6" coveredstatements="469"/>
         <file path="/home/sj445/ece651-sp25-sj445-battleship/app/src/test/java/edu/duke/sj445/battleship/PlacementTest.java" name="PlacementTest.java">
            <metrics coveredelements="67" coveredconditionals="0" complexity="5" loc="103" coveredmethods="5" methods="5" elements="67" classes="1" ncloc="82" statements="62" conditionals="0" coveredstatements="62"/>
            <class name="PlacementTest">
               <metrics coveredelements="67" complexity="5" methods="5" testruns="5" statements="62" coveredconditionals="0" coveredmethods="5" elements="67" testfailures="0" testduration="0.009" conditionals="0" coveredstatements="62" testpasses="5"/>
            </class>
            <line complexity="1" visibility="public" signature="test_with_coord_and_orientation() : void" num="10" testsuccess="true" count="1" testduration="0.0" type="method"/>
            <line num="12" count="1" type="stmt"/>
            <line num="13" count="1" type="stmt"/>
            <line num="14" count="1" type="stmt"/>
            <line num="15" count="1" type="stmt"/>
            <line complexity="1" visibility="public" signature="test_equals() : void" num="18" testsuccess="true" count="1" testduration="0.0" type="method"/>
            <line num="20" count="1" type="stmt"/>
            <line num="21" count="1" type="stmt"/>
            <line num="22" count="1" type="stmt"/>
            <line num="23" count="1" type="stmt"/>
            <line num="25" count="1" type="stmt"/>
            <line num="26" count="1" type="stmt"/>
            <line num="27" count="1" type="stmt"/>
            <line num="28" count="1" type="stmt"/>
            <line num="29" count="1" type="stmt"/>
            <line num="30" count="1" type="stmt"/>
            <line num="31" count="1" type="stmt"/>
            <line num="32" count="1" type="stmt"/>
            <line num="33" count="1" type="stmt"/>
            <line num="34" count="1" type="stmt"/>
            <line num="35" count="1" type="stmt"/>
            <line num="36" count="1" type="stmt"/>
            <line num="37" count="1" type="stmt"/>
            <line complexity="1" visibility="public" signature="test_hashCode() : void" num="40" testsuccess="true" count="1" testduration="0.0" type="method"/>
            <line num="42" count="1" type="stmt"/>
            <line num="43" count="1" type="stmt"/>
            <line num="46" count="1" type="stmt"/>
            <line num="47" count="1" type="stmt"/>
            <line num="48" count="1" type="stmt"/>
            <line complexity="1" visibility="package" signature="test_string_constructor_valid_cases() : void" num="52" testsuccess="true" count="1" testduration="0.0" type="method"/>
            <line num="54" count="1" type="stmt"/>
            <line num="55" count="1" type="stmt"/>
            <line num="56" count="1" type="stmt"/>
            <line num="57" count="1" type="stmt"/>
            <line num="58" count="1" type="stmt"/>
            <line num="60" count="1" type="stmt"/>
            <line num="61" count="1" type="stmt"/>
            <line num="62" count="1" type="stmt"/>
            <line num="63" count="1" type="stmt"/>
            <line num="64" count="1" type="stmt"/>
            <line num="66" count="1" type="stmt"/>
            <line num="67" count="1" type="stmt"/>
            <line num="68" count="1" type="stmt"/>
            <line num="69" count="1" type="stmt"/>
            <line num="70" count="1" type="stmt"/>
            <line num="72" count="1" type="stmt"/>
            <line num="73" count="1" type="stmt"/>
            <line num="74" count="1" type="stmt"/>
            <line num="75" count="1" type="stmt"/>
            <line num="76" count="1" type="stmt"/>
            <line num="79" count="1" type="stmt"/>
            <line num="80" count="1" type="stmt"/>
            <line num="82" count="1" type="stmt"/>
            <line num="83" count="1" type="stmt"/>
            <line complexity="1" visibility="public" signature="test_string_constructor_error_cases() : void" num="88" testsuccess="true" count="1" testduration="0.009" type="method"/>
            <line num="90" count="1" type="stmt"/>
            <line num="91" count="1" type="stmt"/>
            <line num="92" count="1" type="stmt"/>
            <line num="93" count="1" type="stmt"/>
            <line num="94" count="1" type="stmt"/>
            <line num="95" count="1" type="stmt"/>
            <line num="96" count="1" type="stmt"/>
            <line num="97" count="1" type="stmt"/>
            <line num="98" count="1" type="stmt"/>
            <line num="99" count="1" type="stmt"/>
            <line num="100" count="1" type="stmt"/>
            <line num="101" count="1" type="stmt"/>
         </file>
         <file path="/home/sj445/ece651-sp25-sj445-battleship/app/src/test/java/edu/duke/sj445/battleship/BoardTest.java" name="BoardTest.java">
            <metrics coveredelements="1" coveredconditionals="0" complexity="1" loc="13" coveredmethods="1" methods="1" elements="1" classes="1" ncloc="8" statements="0" conditionals="0" coveredstatements="0"/>
            <class name="BoardTest">
               <metrics coveredelements="1" complexity="1" methods="1" testruns="1" statements="0" coveredconditionals="0" coveredmethods="1" elements="1" testfailures="0" testduration="0.0" conditionals="0" coveredstatements="0" testpasses="1"/>
            </class>
            <line complexity="1" visibility="public" signature="test_() : void" num="8" testsuccess="true" count="1" testduration="0.0" type="method"/>
         </file>
         <file path="/home/sj445/ece651-sp25-sj445-battleship/app/src/test/java/edu/duke/sj445/battleship/CoordinateTest.java" name="CoordinateTest.java">
            <metrics coveredelements="49" coveredconditionals="0" complexity="6" loc="84" coveredmethods="6" methods="6" elements="49" classes="1" ncloc="66" statements="43" conditionals="0" coveredstatements="43"/>
            <class name="CoordinateTest">
               <metrics coveredelements="49" complexity="6" methods="6" testruns="6" statements="43" coveredconditionals="0" coveredmethods="6" elements="49" testfailures="0" testduration="0.006" conditionals="0" coveredstatements="43" testpasses="6"/>
            </class>
            <line complexity="1" visibility="public" signature="test_C_with_row_and_column() : void" num="10" testsuccess="true" count="1" testduration="0.0" type="method"/>
            <line num="13" count="1" type="stmt"/>
            <line num="14" count="1" type="stmt"/>
            <line num="15" count="1" type="stmt"/>
            <line complexity="1" visibility="public" signature="test_equals() : void" num="18" testsuccess="true" count="1" testduration="0.0" type="method"/>
            <line num="20" count="1" type="stmt"/>
            <line num="21" count="1" type="stmt"/>
            <line num="22" count="1" type="stmt"/>
            <line num="23" count="1" type="stmt"/>
            <line num="24" count="1" type="stmt"/>
            <line num="25" count="1" type="stmt"/>
            <line num="26" count="1" type="stmt"/>
            <line num="27" count="1" type="stmt"/>
            <line num="28" count="1" type="stmt"/>
            <line num="29" count="1" type="stmt"/>
            <line complexity="1" visibility="public" signature="test_toString() : void" num="35" testsuccess="true" count="1" testduration="0.0" type="method"/>
            <line num="37" count="1" type="stmt"/>
            <line num="38" count="1" type="stmt"/>
            <line complexity="1" visibility="public" signature="test_hashCode() : void" num="42" testsuccess="true" count="1" testduration="0.001" type="method"/>
            <line num="44" count="1" type="stmt"/>
            <line num="45" count="1" type="stmt"/>
            <line num="46" count="1" type="stmt"/>
            <line num="47" count="1" type="stmt"/>
            <line num="48" count="1" type="stmt"/>
            <line num="49" count="1" type="stmt"/>
            <line num="50" count="1" type="stmt"/>
            <line complexity="1" visibility="package" signature="test_string_constructor_valid_cases() : void" num="54" testsuccess="true" count="1" testduration="0.0" type="method"/>
            <line num="56" count="1" type="stmt"/>
            <line num="57" count="1" type="stmt"/>
            <line num="58" count="1" type="stmt"/>
            <line num="59" count="1" type="stmt"/>
            <line num="60" count="1" type="stmt"/>
            <line num="61" count="1" type="stmt"/>
            <line num="62" count="1" type="stmt"/>
            <line num="63" count="1" type="stmt"/>
            <line num="64" count="1" type="stmt"/>
            <line num="65" count="1" type="stmt"/>
            <line num="66" count="1" type="stmt"/>
            <line num="67" count="1" type="stmt"/>
            <line complexity="1" visibility="public" signature="test_string_constructor_error_cases() : void" num="70" testsuccess="true" count="1" testduration="0.005" type="method"/>
            <line num="72" count="1" type="stmt"/>
            <line num="73" count="1" type="stmt"/>
            <line num="74" count="1" type="stmt"/>
            <line num="75" count="1" type="stmt"/>
            <line num="76" count="1" type="stmt"/>
            <line num="77" count="1" type="stmt"/>
            <line num="78" count="1" type="stmt"/>
            <line num="79" count="1" type="stmt"/>
            <line num="80" count="1" type="stmt"/>
         </file>
         <file path="/home/sj445/ece651-sp25-sj445-battleship/app/src/test/java/edu/duke/sj445/battleship/AppTest.java" name="AppTest.java">
            <metrics coveredelements="18" coveredconditionals="0" complexity="1" loc="125" coveredmethods="1" methods="1" elements="18" classes="1" ncloc="38" statements="17" conditionals="0" coveredstatements="17"/>
            <class name="AppTest">
               <metrics coveredelements="18" complexity="1" methods="1" testruns="1" statements="17" coveredconditionals="0" coveredmethods="1" elements="18" testfailures="0" testduration="0.137" conditionals="0" coveredstatements="17" testpasses="1"/>
            </class>
            <line complexity="1" visibility="package" signature="test_main() : void" num="66" testsuccess="true" count="1" testduration="0.137" type="method"/>
            <line num="69" count="1" type="stmt"/>
            <line num="70" count="1" type="stmt"/>
            <line num="71" count="1" type="stmt"/>
            <line num="72" count="1" type="stmt"/>
            <line num="74" count="1" type="stmt"/>
            <line num="75" count="1" type="stmt"/>
            <line num="77" count="1" type="stmt"/>
            <line num="78" count="1" type="stmt"/>
            <line num="81" count="1" type="stmt"/>
            <line num="82" count="1" type="stmt"/>
            <line num="83" count="1" type="stmt"/>
            <line num="84" count="1" type="stmt"/>
            <line num="87" count="1" type="stmt"/>
            <line num="88" count="1" type="stmt"/>
            <line num="91" count="1" type="stmt"/>
            <line num="92" count="1" type="stmt"/>
            <line num="93" count="1" type="stmt"/>
         </file>
         <file path="/home/sj445/ece651-sp25-sj445-battleship/app/src/test/java/edu/duke/sj445/battleship/RectangleShipTest.java" name="RectangleShipTest.java">
            <metrics coveredelements="46" coveredconditionals="0" complexity="7" loc="83" coveredmethods="7" methods="7" elements="46" classes="1" ncloc="69" statements="39" conditionals="0" coveredstatements="39"/>
            <class name="RectangleShipTest">
               <metrics coveredelements="46" complexity="7" methods="7" testruns="7" statements="39" coveredconditionals="0" coveredmethods="7" elements="46" testfailures="0" testduration="0.001" conditionals="0" coveredstatements="39" testpasses="7"/>
            </class>
            <line complexity="1" visibility="public" signature="test_with_makeCoords() : void" num="14" testsuccess="true" count="1" testduration="0.0" type="method"/>
            <line num="16" count="1" type="stmt"/>
            <line num="17" count="1" type="stmt"/>
            <line num="18" count="1" type="stmt"/>
            <line num="19" count="1" type="stmt"/>
            <line num="21" count="1" type="stmt"/>
            <line num="22" count="1" type="stmt"/>
            <line num="23" count="1" type="stmt"/>
            <line complexity="1" visibility="public" signature="test_with_new_constructor() : void" num="27" testsuccess="true" count="1" testduration="0.0" type="method"/>
            <line num="30" count="1" type="stmt"/>
            <line num="31" count="1" type="stmt"/>
            <line num="32" count="1" type="stmt"/>
            <line complexity="1" visibility="public" signature="test_with_recordHitAt() : void" num="35" testsuccess="true" count="1" testduration="0.001" type="method"/>
            <line num="37" count="1" type="stmt"/>
            <line num="38" count="1" type="stmt"/>
            <line num="39" count="1" type="stmt"/>
            <line num="40" count="1" type="stmt"/>
            <line num="41" count="1" type="stmt"/>
            <line num="42" count="1" type="stmt"/>
            <line num="43" count="1" type="stmt"/>
            <line complexity="1" visibility="public" signature="test_is_Sunk() : void" num="46" testsuccess="true" count="1" testduration="0.0" type="method"/>
            <line num="48" count="1" type="stmt"/>
            <line num="49" count="1" type="stmt"/>
            <line num="50" count="1" type="stmt"/>
            <line num="51" count="1" type="stmt"/>
            <line num="52" count="1" type="stmt"/>
            <line num="53" count="1" type="stmt"/>
            <line complexity="1" visibility="public" signature="test_get_name() : void" num="56" testsuccess="true" count="1" testduration="0.0" type="method"/>
            <line num="58" count="1" type="stmt"/>
            <line num="59" count="1" type="stmt"/>
            <line num="60" count="1" type="stmt"/>
            <line complexity="1" visibility="public" signature="test_getCoordinates() : void" num="63" testsuccess="true" count="1" testduration="0.0" type="method"/>
            <line num="65" count="1" type="stmt"/>
            <line num="66" count="1" type="stmt"/>
            <line num="67" count="1" type="stmt"/>
            <line num="68" count="1" type="stmt"/>
            <line num="69" count="1" type="stmt"/>
            <line num="70" count="1" type="stmt"/>
            <line num="71" count="1" type="stmt"/>
            <line complexity="1" visibility="public" signature="test_getDisplay() : void" num="74" testsuccess="true" count="1" testduration="0.0" type="method"/>
            <line num="76" count="1" type="stmt"/>
            <line num="77" count="1" type="stmt"/>
            <line num="78" count="1" type="stmt"/>
            <line num="79" count="1" type="stmt"/>
            <line num="80" count="1" type="stmt"/>
            <line num="81" count="1" type="stmt"/>
         </file>
         <file path="/home/sj445/ece651-sp25-sj445-battleship/app/src/test/java/edu/duke/sj445/battleship/NoCollisionRuleCheckerTest.java" name="NoCollisionRuleCheckerTest.java">
            <metrics coveredelements="25" coveredconditionals="0" complexity="1" loc="40" coveredmethods="1" methods="1" elements="25" classes="1" ncloc="32" statements="24" conditionals="0" coveredstatements="24"/>
            <class name="NoCollisionRuleCheckerTest">
[...]
            <line num="37" count="1" type="stmt"/>
            <line num="41" count="1" type="stmt"/>
            <line num="42" count="1" type="stmt"/>
            <line complexity="1" visibility="public" signature="test_display_empty_3by2() : void" num="46" testsuccess="true" count="1" testduration="0.001" type="method"/>
            <line num="48" count="1" type="stmt"/>
            <line num="49" count="1" type="stmt"/>
            <line num="50" count="1" type="stmt"/>
            <line num="51" count="1" type="stmt"/>
            <line num="52" count="1" type="stmt"/>
            <line num="57" count="1" type="stmt"/>
            <line complexity="1" visibility="public" signature="test_display_empty_3by5() : void" num="60" testsuccess="true" count="1" testduration="0.0" type="method"/>
            <line num="62" count="1" type="stmt"/>
            <line num="63" count="1" type="stmt"/>
            <line num="64" count="1" type="stmt"/>
            <line num="65" count="1" type="stmt"/>
            <line num="66" count="1" type="stmt"/>
            <line num="72" count="1" type="stmt"/>
            <line complexity="1" visibility="public" signature="test_display_ship_3by5() : void" num="76" testsuccess="true" count="1" testduration="0.0" type="method"/>
            <line num="78" count="1" type="stmt"/>
            <line num="79" count="1" type="stmt"/>
            <line num="80" count="1" type="stmt"/>
            <line num="81" count="1" type="stmt"/>
            <line num="82" count="1" type="stmt"/>
            <line num="83" count="1" type="stmt"/>
            <line num="89" count="1" type="stmt"/>
            <line complexity="1" visibility="public" signature="test_enemy_board() : void" num="93" testsuccess="true" count="1" testduration="0.001" type="method"/>
            <line num="95" count="1" type="stmt"/>
            <line num="102" count="1" type="stmt"/>
            <line num="109" count="1" type="stmt"/>
            <line num="111" count="1" type="stmt"/>
            <line num="112" count="1" type="stmt"/>
            <line num="113" count="1" type="stmt"/>
            <line num="114" count="1" type="stmt"/>
            <line num="116" count="1" type="stmt"/>
            <line num="117" count="1" type="stmt"/>
            <line num="118" count="1" type="stmt"/>
            <line num="119" count="1" type="stmt"/>
            <line num="120" count="1" type="stmt"/>
            <line num="121" count="1" type="stmt"/>
            <line num="122" count="1" type="stmt"/>
            <line num="123" count="1" type="stmt"/>
            <line num="124" count="1" type="stmt"/>
            <line num="125" count="1" type="stmt"/>
            <line complexity="1" visibility="public" signature="Test_displayMyBoardWithEnemyNextToIt() : void" num="131" testsuccess="true" count="1" testduration="0.001" type="method"/>
            <line num="133" count="1" type="stmt"/>
            <line num="139" count="1" type="stmt"/>
            <line num="145" count="1" type="stmt"/>
            <line num="146" count="1" type="stmt"/>
            <line num="147" count="1" type="stmt"/>
            <line num="148" count="1" type="stmt"/>
            <line num="149" count="1" type="stmt"/>
            <line num="150" count="1" type="stmt"/>
            <line num="151" count="1" type="stmt"/>
            <line num="152" count="1" type="stmt"/>
            <line num="153" count="1" type="stmt"/>
            <line num="154" count="1" type="stmt"/>
            <line num="162" count="1" type="stmt"/>
         </file>
         <file path="/home/sj445/ece651-sp25-sj445-battleship/app/src/test/java/edu/duke/sj445/battleship/BasicShipTest.java" name="BasicShipTest.java">
            <metrics coveredelements="1" coveredconditionals="0" complexity="1" loc="13" coveredmethods="1" methods="1" elements="1" classes="1" ncloc="8" statements="0" conditionals="0" coveredstatements="0"/>
            <class name="BasicShipTest">
               <metrics coveredelements="1" complexity="1" methods="1" testruns="1" statements="0" coveredconditionals="0" coveredmethods="1" elements="1" testfailures="0" testduration="0.001" conditionals="0" coveredstatements="0" testpasses="1"/>
            </class>
            <line complexity="1" visibility="public" signature="test_() : void" num="8" testsuccess="true" count="1" testduration="0.001" type="method"/>
         </file>
         <file path="/home/sj445/ece651-sp25-sj445-battleship/app/src/test/java/edu/duke/sj445/battleship/BattleShipBoardTest.java" name="BattleShipBoardTest.java">
            <metrics coveredelements="57" coveredconditionals="4" complexity="9" loc="98" coveredmethods="7" methods="7" elements="57" classes="1" ncloc="73" statements="46" conditionals="4" coveredstatements="46"/>
            <class name="BattleShipBoardTest">
               <metrics coveredelements="57" complexity="9" methods="7" testruns="6" statements="46" coveredconditionals="4" coveredmethods="7" elements="57" testfailures="0" testduration="0.003" conditionals="4" coveredstatements="46" testpasses="6"/>
            </class>
            <line complexity="1" visibility="public" signature="test_width_and_height() : void" num="9" testsuccess="true" count="1" testduration="0.0" type="method"/>
            <line num="11" count="1" type="stmt"/>
            <line num="12" count="1" type="stmt"/>
            <line num="13" count="1" type="stmt"/>
            <line complexity="1" visibility="public" signature="test_invalid_dimensions() : void" num="17" testsuccess="true" count="1" testduration="0.002" type="method"/>
            <line num="19" count="1" type="stmt"/>
            <line num="20" count="1" type="stmt"/>
            <line num="21" count="1" type="stmt"/>
            <line num="22" count="1" type="stmt"/>
            <line complexity="1" visibility="public" signature="test_empty_board() : void" num="25" testsuccess="true" count="1" testduration="0.0" type="method"/>
            <line num="28" count="1" type="stmt"/>
            <line num="29" count="1" type="stmt"/>
            <line num="30" count="1" type="stmt"/>
            <line complexity="3" visibility="private" signature="checkWhatIsAtBoard(BattleShipBoard&lt;T&gt;,T[][]) : void" num="33" count="1" type="method"/>
            <line num="34" count="1" type="stmt"/>
            <line num="35" count="1" type="stmt"/>
            <line num="36" count="1" type="stmt"/>
            <line falsecount="1" truecount="2" num="36" type="cond"/>
            <line num="37" count="2" type="stmt"/>
            <line falsecount="2" truecount="6" num="37" type="cond"/>
            <line num="38" count="6" type="stmt"/>
            <line complexity="1" visibility="public" signature="test_whatIsAt() : void" num="44" testsuccess="true" count="1" testduration="0.0" type="method"/>
            <line num="46" count="1" type="stmt"/>
            <line num="47" count="1" type="stmt"/>
            <line num="48" count="1" type="stmt"/>
            <line num="49" count="1" type="stmt"/>
            <line num="50" count="1" type="stmt"/>
            <line num="51" count="1" type="stmt"/>
            <line complexity="1" visibility="public" signature="test_fireAt() : void" num="55" testsuccess="true" count="1" testduration="0.001" type="method"/>
            <line num="57" count="1" type="stmt"/>
            <line num="59" count="1" type="stmt"/>
            <line num="60" count="1" type="stmt"/>
            <line num="61" count="1" type="stmt"/>
            <line num="62" count="1" type="stmt"/>
            <line num="63" count="1" type="stmt"/>
            <line num="68" count="1" type="stmt"/>
            <line num="69" count="1" type="stmt"/>
            <line num="70" count="1" type="stmt"/>
            <line num="74" count="1" type="stmt"/>
            <line num="75" count="1" type="stmt"/>
            <line num="76" count="1" type="stmt"/>
            <line num="77" count="1" type="stmt"/>
            <line complexity="1" visibility="public" signature="test_all_Sunk_or_Not() : void" num="81" testsuccess="true" count="1" testduration="0.0" type="method"/>
            <line num="83" count="1" type="stmt"/>
            <line num="84" count="1" type="stmt"/>
            <line num="85" count="1" type="stmt"/>
            <line num="86" count="1" type="stmt"/>
            <line num="87" count="1" type="stmt"/>
            <line num="88" count="1" type="stmt"/>
            <line num="89" count="1" type="stmt"/>
            <line num="90" count="1" type="stmt"/>
            <line num="92" count="1" type="stmt"/>
            <line num="93" count="1" type="stmt"/>
            <line num="94" count="1" type="stmt"/>
            <line num="95" count="1" type="stmt"/>
         </file>
         <file path="/home/sj445/ece651-sp25-sj445-battleship/app/src/test/java/edu/duke/sj445/battleship/TextPlayerTest.java" name="TextPlayerTest.java">
            <metrics coveredelements="55" coveredconditionals="2" complexity="6" loc="347" coveredmethods="5" methods="5" elements="55" classes="1" ncloc="212" statements="48" conditionals="2" coveredstatements="48"/>
            <class name="TextPlayerTest">
               <metrics coveredelements="55" complexity="6" methods="5" testruns="4" statements="48" coveredconditionals="2" coveredmethods="5" elements="55" testfailures="0" testduration="0.013000000000000001" conditionals="2" coveredstatements="48" testpasses="4"/>
            </class>
            <line complexity="2" visibility="public" signature="test_read_placement() : void" num="15" testsuccess="true" count="1" testduration="0.0" type="method"/>
            <line num="17" count="1" type="stmt"/>
            <line num="18" count="1" type="stmt"/>
            <line num="19" count="1" type="stmt"/>
            <line num="20" count="1" type="stmt"/>
            <line num="24" count="1" type="stmt"/>
            <line num="25" count="1" type="stmt"/>
            <line num="26" count="1" type="stmt"/>
            <line num="27" count="1" type="stmt"/>
            <line num="28" count="1" type="stmt"/>
            <line num="29" count="1" type="stmt"/>
            <line num="30" count="1" type="stmt"/>
            <line falsecount="1" truecount="3" num="30" type="cond"/>
            <line num="31" count="3" type="stmt"/>
            <line num="32" count="3" type="stmt"/>
            <line num="33" count="3" type="stmt"/>
            <line num="34" count="3" type="stmt"/>
            <line complexity="1" visibility="private" signature="createTextPlayer(int,int,String,OutputStream) : TextPlayer" num="40" count="5" type="method"/>
            <line num="41" count="5" type="stmt"/>
            <line num="42" count="5" type="stmt"/>
            <line num="43" count="5" type="stmt"/>
            <line num="44" count="5" type="stmt"/>
            <line num="48" count="5" type="stmt"/>
            <line complexity="1" visibility="package" signature="test_do_placement() : void" num="66" testsuccess="true" count="1" testduration="0.004" type="method"/>
            <line num="69" count="1" type="stmt"/>
            <line num="70" count="1" type="stmt"/>
            <line num="72" count="1" type="stmt"/>
            <line num="73" count="1" type="stmt"/>
            <line num="75" count="1" type="stmt"/>
            <line num="76" count="1" type="stmt"/>
            <line num="77" count="1" type="stmt"/>
            <line num="79" count="1" type="stmt"/>
            <line num="80" count="1" type="stmt"/>
            <line num="81" count="1" type="stmt"/>
            <line complexity="1" visibility="package" signature="test_read_coordinate() : void" num="113" testsuccess="true" count="1" testduration="0.001" type="method"/>
            <line num="116" count="1" type="stmt"/>
            <line num="117" count="1" type="stmt"/>
            <line num="118" count="1" type="stmt"/>
            <line num="119" count="1" type="stmt"/>
            <line num="120" count="1" type="stmt"/>
            <line num="135" count="1" type="stmt"/>
            <line num="136" count="1" type="stmt"/>
            <line num="137" count="1" type="stmt"/>
            <line complexity="1" visibility="package" signature="test_doPlacementPhase() : void" num="170" testsuccess="true" count="1" testduration="0.008" type="method"/>
            <line num="172" count="1" type="stmt"/>
            <line num="173" count="1" type="stmt"/>
            <line num="174" count="1" type="stmt"/>
            <line num="175" count="1" type="stmt"/>
            <line num="177" count="1" type="stmt"/>
            <line num="178" count="1" type="stmt"/>
            <line num="179" count="1" type="stmt"/>
            <line num="180" count="1" type="stmt"/>
            <line num="195" count="1" type="stmt"/>
            <line num="343" count="1" type="stmt"/>
         </file>
         <file path="/home/sj445/ece651-sp25-sj445-battleship/app/src/test/java/edu/duke/sj445/battleship/V1ShipFactoryTest.java" name="V1ShipFactoryTest.java">
            <metrics coveredelements="35" coveredconditionals="0" complexity="7" loc="75" coveredmethods="7" methods="7" elements="35" classes="1" ncloc="55" statements="28" conditionals="0" coveredstatements="28"/>
            <class name="V1ShipFactoryTest">
               <metrics coveredelements="35" complexity="7" methods="7" testruns="6" statements="28" coveredconditionals="0" coveredmethods="7" elements="35" testfailures="0" testduration="0.001" conditionals="0" coveredstatements="28" testpasses="6"/>
            </class>
            <line complexity="1" visibility="private" signature="checkShip(Ship&lt;Character&gt;,String,char,Coordinate) : void" num="9" count="4" type="method"/>
            <line num="11" count="4" type="stmt"/>
            <line num="12" count="4" type="stmt"/>
            <line num="13" count="4" type="stmt"/>
            <line num="14" count="15" type="stmt"/>
            <line complexity="1" visibility="public" signature="test_with_Destroyer() : void" num="18" testsuccess="true" count="1" testduration="0.0" type="method"/>
            <line num="21" count="1" type="stmt"/>
            <line num="22" count="1" type="stmt"/>
            <line num="23" count="1" type="stmt"/>
            <line num="24" count="1" type="stmt"/>
            <line num="25" count="1" type="stmt"/>
            <line complexity="1" visibility="public" signature="test_with_Submarine() : void" num="29" testsuccess="true" count="1" testduration="0.0" type="method"/>
            <line num="32" count="1" type="stmt"/>
            <line num="33" count="1" type="stmt"/>
            <line num="34" count="1" type="stmt"/>
            <line num="35" count="1" type="stmt"/>
            <line num="36" count="1" type="stmt"/>
            <line complexity="1" visibility="public" signature="test_with_Submarine_wrong() : void" num="41" testsuccess="true" count="1" testduration="0.001" type="method"/>
            <line num="43" count="1" type="stmt"/>
            <line num="44" count="1" type="stmt"/>
            <line num="45" count="1" type="stmt"/>
            <line complexity="1" visibility="public" signature="test_with_Destroyer_wrong() : void" num="50" testsuccess="true" count="1" testduration="0.0" type="method"/>
            <line num="52" count="1" type="stmt"/>
            <line num="53" count="1" type="stmt"/>
            <line num="54" count="1" type="stmt"/>
            <line complexity="1" visibility="public" signature="test_with_Battleship() : void" num="57" testsuccess="true" count="1" testduration="0.0" type="method"/>
            <line num="59" count="1" type="stmt"/>
            <line num="61" count="1" type="stmt"/>
            <line num="62" count="1" type="stmt"/>
            <line num="63" count="1" type="stmt"/>
            <line complexity="1" visibility="public" signature="test_with_Carrier() : void" num="68" testsuccess="true" count="1" testduration="0.0" type="method"/>
            <line num="70" count="1" type="stmt"/>
            <line num="71" count="1" type="stmt"/>
            <line num="72" count="1" type="stmt"/>
            <line num="73" count="1" type="stmt"/>
         </file>
         <file path="/home/sj445/ece651-sp25-sj445-battleship/app/src/test/java/edu/duke/sj445/battleship/InBoundsRuleCheckerTest.java" name="InBoundsRuleCheckerTest.java">
            <metrics coveredelements="23" coveredconditionals="0" complexity="1" loc="39" coveredmethods="1" methods="1" elements="23" classes="1" ncloc="30" statements="22" conditionals="0" coveredstatements="22"/>
            <class name="InBoundsRuleCheckerTest">
               <metrics coveredelements="23" complexity="1" methods="1" testruns="1" statements="22" coveredconditionals="0" coveredmethods="1" elements="23" testfailures="0" testduration="0.0" conditionals="0" coveredstatements="22" testpasses="1"/>
            </class>
            <line complexity="1" visibility="public" signature="test_checkMyRule() : void" num="8" testsuccess="true" count="1" testduration="0.0" type="method"/>
            <line num="10" count="1" type="stmt"/>
            <line num="11" count="1" type="stmt"/>
            <line num="12" count="1" type="stmt"/>
            <line num="13" count="1" type="stmt"/>
            <line num="14" count="1" type="stmt"/>
            <line num="15" count="1" type="stmt"/>
            <line num="16" count="1" type="stmt"/>
            <line num="17" count="1" type="stmt"/>
            <line num="18" count="1" type="stmt"/>
            <line num="19" count="1" type="stmt"/>
            <line num="20" count="1" type="stmt"/>
            <line num="23" count="1" type="stmt"/>
            <line num="24" count="1" type="stmt"/>
            <line num="25" count="1" type="stmt"/>
            <line num="26" count="1" type="stmt"/>
            <line num="27" count="1" type="stmt"/>
            <line num="28" count="1" type="stmt"/>
            <line num="29" count="1" type="stmt"/>
            <line num="31" count="1" type="stmt"/>
            <line num="32" count="1" type="stmt"/>
            <line num="34" count="1" type="stmt"/>
            <line num="35" count="1" type="stmt"/>
         </file>
         <file path="/home/sj445/ece651-sp25-sj445-battleship/app/src/test/java/edu/duke/sj445/battleship/AbstractShipFactoryTest.java" name="AbstractShipFactoryTest.java">
            <metrics coveredelements="1" coveredconditionals="0" complexity="1" loc="13" coveredmethods="1" methods="1" elements="1" classes="1" ncloc="8" statements="0" conditionals="0" coveredstatements="0"/>
            <class name="AbstractShipFactoryTest">
               <metrics coveredelements="1" complexity="1" methods="1" testruns="1" statements="0" coveredconditionals="0" coveredmethods="1" elements="1" testfailures="0" testduration="0.002" conditionals="0" coveredstatements="0" testpasses="1"/>
            </class>
            <line complexity="1" visibility="public" signature="test_() : void" num="8" testsuccess="true" count="1" testduration="0.002" type="method"/>
         </file>
         <file path="/home/sj445/ece651-sp25-sj445-battleship/app/src/test/java/edu/duke/sj445/battleship/ShipTest.java" name="ShipTest.java">
            <metrics coveredelements="1" coveredconditionals="0" complexity="1" loc="13" coveredmethods="1" methods="1" elements="1" classes="1" ncloc="8" statements="0" conditionals="0" coveredstatements="0"/>
            <class name="ShipTest">
               <metrics coveredelements="1" complexity="1" methods="1" testruns="1" statements="0" coveredconditionals="0" coveredmethods="1" elements="1" testfailures="0" testduration="0.0" conditionals="0" coveredstatements="0" testpasses="1"/>
            </class>
            <line complexity="1" visibility="public" signature="test_() : void" num="8" testsuccess="true" count="1" testduration="0.0" type="method"/>
         </file>
      </package>
   </testproject>
</coverage>