<?xml version="1.0" encoding="UTF-8"?>
<coverage generated="1739934484983" clover="4.5.2">
   <project name="app" timestamp="1739934484744">
      <metrics coveredelements="987" complexity="255" loc="1988" methods="99" classes="21" statements="714" packages="1" coveredconditionals="174" coveredmethods="99" elements="987" ncloc="1269" files="21" conditionals="174" coveredstatements="714"/>
      <package name="edu.duke.sj445.battleship">
         <metrics coveredelements="987" complexity="255" loc="1988" methods="99" classes="21" statements="714" coveredconditionals="174" coveredmethods="99" elements="987" ncloc="1269" files="21" conditionals="174" coveredstatements="714"/>
         <file path="/home/sj445/ece651-sp25-sj445-battleship/app/src/main/java/edu/duke/sj445/battleship/PlacementRuleChecker.java" name="PlacementRuleChecker.java">
            <metrics coveredelements="13" coveredconditionals="4" complexity="4" loc="27" coveredmethods="2" methods="2" elements="13" classes="1" ncloc="18" statements="7" conditionals="4" coveredstatements="7"/>
            <class name="PlacementRuleChecker">
               <metrics coveredelements="13" coveredconditionals="4" complexity="4" coveredmethods="2" methods="2" elements="13" statements="7" conditionals="4" coveredstatements="7"/>
            </class>
            <line complexity="1" visibility="public" signature="PlacementRuleChecker(PlacementRuleChecker&lt;T&gt;)" num="6" count="76" type="method"/>
            <line num="7" count="76" type="stmt"/>
            <line complexity="3" visibility="public" signature="checkPlacement(Ship&lt;T&gt;,Board&lt;T&gt;) : String" num="12" count="340" type="method"/>
            <line num="14" count="340" type="stmt"/>
            <line num="15" count="340" type="stmt"/>
            <line falsecount="283" truecount="57" num="15" type="cond"/>
            <line num="16" count="57" type="stmt"/>
            <line num="19" count="283" type="stmt"/>
            <line falsecount="131" truecount="152" num="19" type="cond"/>
            <line num="20" count="152" type="stmt"/>
            <line num="23" count="131" type="stmt"/>
         </file>
         <file path="/home/sj445/ece651-sp25-sj445-battleship/app/src/main/java/edu/duke/sj445/battleship/InBoundsRuleChecker.java" name="InBoundsRuleChecker.java">
            <metrics coveredelements="25" coveredconditionals="8" complexity="6" loc="37" coveredmethods="2" methods="2" elements="25" classes="1" ncloc="25" statements="15" conditionals="8" coveredstatements="15"/>
            <class name="InBoundsRuleChecker">
               <metrics coveredelements="25" coveredconditionals="8" complexity="6" coveredmethods="2" methods="2" elements="25" statements="15" conditionals="8" coveredstatements="15"/>
            </class>
            <line complexity="1" visibility="public" signature="InBoundsRuleChecker(PlacementRuleChecker&lt;T&gt;)" num="8" count="38" type="method"/>
            <line num="9" count="38" type="stmt"/>
            <line complexity="5" visibility="protected" signature="checkMyRule(Ship&lt;T&gt;,Board&lt;T&gt;) : String" num="17" count="157" type="method"/>
            <line num="19" count="157" type="stmt"/>
            <line num="20" count="157" type="stmt"/>
            <line num="21" count="157" type="stmt"/>
            <line num="22" count="529" type="stmt"/>
            <line num="23" count="529" type="stmt"/>
            <line num="24" count="529" type="stmt"/>
            <line falsecount="528" truecount="1" num="24" type="cond"/>
            <line num="25" count="1" type="stmt"/>
            <line num="26" count="528" type="stmt"/>
            <line falsecount="521" truecount="7" num="26" type="cond"/>
            <line num="27" count="7" type="stmt"/>
            <line num="28" count="521" type="stmt"/>
            <line falsecount="520" truecount="1" num="28" type="cond"/>
            <line num="29" count="1" type="stmt"/>
            <line num="30" count="520" type="stmt"/>
            <line falsecount="501" truecount="19" num="30" type="cond"/>
            <line num="31" count="19" type="stmt"/>
            <line num="34" count="129" type="stmt"/>
         </file>
         <file path="/home/sj445/ece651-sp25-sj445-battleship/app/src/main/java/edu/duke/sj445/battleship/Placement.java" name="Placement.java">
            <metrics coveredelements="40" coveredconditionals="10" complexity="22" loc="71" coveredmethods="7" methods="7" elements="40" classes="1" ncloc="50" statements="23" conditionals="10" coveredstatements="23"/>
            <class name="Placement">
               <metrics coveredelements="40" coveredconditionals="10" complexity="22" coveredmethods="7" methods="7" elements="40" statements="23" conditionals="10" coveredstatements="23"/>
            </class>
            <line complexity="1" visibility="package" signature="getWhere() : Coordinate" num="7" count="369" type="method"/>
            <line num="8" count="369" type="stmt"/>
            <line complexity="1" visibility="package" signature="getOrientation() : char" num="11" count="333" type="method"/>
            <line num="12" count="333" type="stmt"/>
            <line complexity="7" visibility="public" signature="Placement(Coordinate,char)" num="21" count="61" type="method"/>
            <line num="22" count="61" type="stmt"/>
            <line num="23" count="61" type="stmt"/>
            <line num="24" count="61" type="stmt"/>
            <line falsecount="60" truecount="1" num="24" type="cond"/>
            <line num="25" count="1" type="stmt"/>
            <line num="27" count="60" type="stmt"/>
            <line complexity="8" visibility="public" signature="Placement(String)" num="35" count="207" type="method"/>
            <line num="36" count="207" type="stmt"/>
            <line falsecount="206" truecount="1" num="36" type="cond"/>
            <line num="37" count="1" type="stmt"/>
            <line num="39" count="206" type="stmt"/>
            <line num="40" count="196" type="stmt"/>
            <line num="42" count="196" type="stmt"/>
            <line num="43" count="196" type="stmt"/>
            <line falsecount="183" truecount="13" num="43" type="cond"/>
            <line num="44" count="13" type="stmt"/>
            <line num="46" count="183" type="stmt"/>
            <line complexity="3" visibility="public" signature="equals(Object) : boolean" num="49" count="10" type="method"/>
            <line num="52" count="10" type="stmt"/>
            <line falsecount="1" truecount="9" num="52" type="cond"/>
            <line num="53" count="9" type="stmt"/>
            <line num="54" count="9" type="stmt"/>
            <line falsecount="3" truecount="6" num="54" type="cond"/>
            <line num="55" count="6" type="stmt"/>
            <line num="57" count="3" type="stmt"/>
            <line num="59" count="1" type="stmt"/>
            <line complexity="1" visibility="public" signature="toString() : String" num="62" count="15" type="method"/>
            <line num="64" count="15" type="stmt"/>
            <line complexity="1" visibility="public" signature="hashCode() : int" num="66" count="6" type="method"/>
            <line num="68" count="6" type="stmt"/>
         </file>
         <file path="/home/sj445/ece651-sp25-sj445-battleship/app/src/main/java/edu/duke/sj445/battleship/SpecialShip.java" name="SpecialShip.java">
            <metrics coveredelements="23" coveredconditionals="6" complexity="8" loc="64" coveredmethods="5" methods="5" elements="23" classes="1" ncloc="31" statements="12" conditionals="6" coveredstatements="12"/>
            <class name="SpecialShip">
               <metrics coveredelements="23" coveredconditionals="6" complexity="8" coveredmethods="5" methods="5" elements="23" statements="12" conditionals="6" coveredstatements="12"/>
            </class>
            <line complexity="1" visibility="public" signature="SpecialShip(String,Coordinate[],int[],int[],ShipDisplayInfo&lt;T&gt;,ShipDisplayInfo&lt;T&gt;,Placement)" num="20" count="114" type="method"/>
            <line num="21" count="114" type="stmt"/>
            <line num="22" count="114" type="stmt"/>
            <line num="23" count="114" type="stmt"/>
            <line complexity="1" visibility="public" signature="SpecialShip(String,Coordinate[],int[],int[],T,T,Placement)" num="25" count="114" type="method"/>
            <line num="26" count="114" type="stmt"/>
            <line complexity="4" visibility="package" signature="makeCoords(Coordinate[],int[],int[]) : HashSet&lt;Coordinate&gt;" num="37" count="115" type="method"/>
            <line num="38" count="115" type="stmt"/>
            <line num="39" count="115" type="stmt"/>
            <line falsecount="115" truecount="230" num="39" type="cond"/>
            <line num="40" count="230" type="stmt"/>
            <line falsecount="230" truecount="475" num="40" type="cond"/>
            <line num="41" count="475" type="stmt"/>
            <line falsecount="475" truecount="602" num="41" type="cond"/>
            <line num="42" count="602" type="stmt"/>
            <line num="46" count="115" type="stmt"/>
            <line complexity="1" visibility="public" signature="getName() : String" num="53" count="529" type="method"/>
            <line num="54" count="529" type="stmt"/>
            <line complexity="1" visibility="public" signature="getUpperLeft() : Placement" num="61" count="49" type="method"/>
            <line num="62" count="49" type="stmt"/>
         </file>
         <file path="/home/sj445/ece651-sp25-sj445-battleship/app/src/main/java/edu/duke/sj445/battleship/V1ShipFactory.java" name="V1ShipFactory.java">
            <metrics coveredelements="16" coveredconditionals="2" complexity="6" loc="44" coveredmethods="5" methods="5" elements="16" classes="1" ncloc="27" statements="9" conditionals="2" coveredstatements="9"/>
            <class name="V1ShipFactory">
               <metrics coveredelements="16" coveredconditionals="2" complexity="6" coveredmethods="5" methods="5" elements="16" statements="9" conditionals="2" coveredstatements="9"/>
            </class>
            <line complexity="2" visibility="protected" signature="createShip(Placement,int,int,char,String) : Ship&lt;Character&gt;" num="12" count="95" type="method"/>
            <line num="13" count="95" type="stmt"/>
            <line falsecount="53" truecount="42" num="13" type="cond"/>
            <line num="14" count="42" type="stmt"/>
            <line num="15" count="42" type="stmt"/>
            <line num="16" count="42" type="stmt"/>
            <line num="18" count="95" type="stmt"/>
            <line complexity="1" visibility="public" signature="makeSubmarine(Placement) : Ship&lt;Character&gt;" num="20" count="15" type="method"/>
            <line num="23" count="15" type="stmt"/>
            <line complexity="1" visibility="public" signature="makeBattleship(Placement) : Ship&lt;Character&gt;" num="26" count="7" type="method"/>
            <line num="29" count="7" type="stmt"/>
            <line complexity="1" visibility="public" signature="makeCarrier(Placement) : Ship&lt;Character&gt;" num="32" count="1" type="method"/>
            <line num="35" count="1" type="stmt"/>
            <line complexity="1" visibility="public" signature="makeDestroyer(Placement) : Ship&lt;Character&gt;" num="38" count="3" type="method"/>
            <line num="41" count="3" type="stmt"/>
         </file>
         <file path="/home/sj445/ece651-sp25-sj445-battleship/app/src/main/java/edu/duke/sj445/battleship/Board.java" name="Board.java">
            <metrics coveredelements="0" coveredconditionals="0" complexity="0" loc="79" coveredmethods="0" methods="0" elements="0" classes="1" ncloc="15" statements="0" conditionals="0" coveredstatements="0"/>
            <class name="Board">
               <metrics coveredelements="0" coveredconditionals="0" complexity="0" coveredmethods="0" methods="0" elements="0" statements="0" conditionals="0" coveredstatements="0"/>
            </class>
         </file>
         <file path="/home/sj445/ece651-sp25-sj445-battleship/app/src/main/java/edu/duke/sj445/battleship/ShipDisplayInfo.java" name="ShipDisplayInfo.java">
            <metrics coveredelements="0" coveredconditionals="0" complexity="0" loc="6" coveredmethods="0" methods="0" elements="0" classes="1" ncloc="4" statements="0" conditionals="0" coveredstatements="0"/>
            <class name="ShipDisplayInfo">
               <metrics coveredelements="0" coveredconditionals="0" complexity="0" coveredmethods="0" methods="0" elements="0" statements="0" conditionals="0" coveredstatements="0"/>
            </class>
         </file>
         <file path="/home/sj445/ece651-sp25-sj445-battleship/app/src/main/java/edu/duke/sj445/battleship/Ship.java" name="Ship.java">
            <metrics coveredelements="0" coveredconditionals="0" complexity="0" loc="75" coveredmethods="0" methods="0" elements="0" classes="1" ncloc="11" statements="0" conditionals="0" coveredstatements="0"/>
            <class name="Ship">
               <metrics coveredelements="0" coveredconditionals="0" complexity="0" coveredmethods="0" methods="0" elements="0" statements="0" conditionals="0" coveredstatements="0"/>
            </class>
         </file>
         <file path="/home/sj445/ece651-sp25-sj445-battleship/app/src/main/java/edu/duke/sj445/battleship/NoCollisionRuleChecker.java" name="NoCollisionRuleChecker.java">
            <metrics coveredelements="9" coveredconditionals="2" complexity="3" loc="25" coveredmethods="2" methods="2" elements="9" classes="1" ncloc="15" statements="5" conditionals="2" coveredstatements="5"/>
            <class name="NoCollisionRuleChecker">
               <metrics coveredelements="9" coveredconditionals="2" complexity="3" coveredmethods="2" methods="2" elements="9" statements="5" conditionals="2" coveredstatements="5"/>
            </class>
            <line complexity="1" visibility="public" signature="NoCollisionRuleChecker(PlacementRuleChecker&lt;T&gt;)" num="7" count="38" type="method"/>
            <line num="8" count="38" type="stmt"/>
            <line complexity="2" visibility="protected" signature="checkMyRule(Ship&lt;T&gt;,Board&lt;T&gt;) : String" num="16" count="183" type="method"/>
            <line num="18" count="183" type="stmt"/>
            <line num="19" count="661" type="stmt"/>
            <line falsecount="632" truecount="29" num="19" type="cond"/>
            <line num="20" count="29" type="stmt"/>
            <line num="23" count="154" type="stmt"/>
         </file>
         <file path="/home/sj445/ece651-sp25-sj445-battleship/app/src/main/java/edu/duke/sj445/battleship/RectangleShip.java" name="RectangleShip.java">
            <metrics coveredelements="22" coveredconditionals="4" complexity="8" loc="62" coveredmethods="6" methods="6" elements="22" classes="1" ncloc="32" statements="12" conditionals="4" coveredstatements="12"/>
            <class name="RectangleShip">
               <metrics coveredelements="22" coveredconditionals="4" complexity="8" coveredmethods="6" methods="6" elements="22" statements="12" conditionals="4" coveredstatements="12"/>
            </class>
            <line complexity="1" visibility="public" signature="RectangleShip(String,Coordinate,int,int,ShipDisplayInfo&lt;T&gt;,ShipDisplayInfo&lt;T&gt;,Placement)" num="20" count="101" type="method"/>
            <line num="21" count="101" type="stmt"/>
            <line num="22" count="101" type="stmt"/>
            <line num="23" count="101" type="stmt"/>
            <line complexity="1" visibility="public" signature="RectangleShip(String,Coordinate,int,int,T,T,Placement)" num="26" count="101" type="method"/>
            <line num="27" count="101" type="stmt"/>
            <line complexity="1" visibility="public" signature="RectangleShip(Coordinate,T,T,Placement)" num="29" count="2" type="method"/>
            <line num="30" count="2" type="stmt"/>
            <line complexity="3" visibility="package" signature="makeCoords(Coordinate,int,int) : HashSet&lt;Coordinate&gt;" num="37" count="101" type="method"/>
            <line num="38" count="101" type="stmt"/>
            <line num="39" count="101" type="stmt"/>
            <line falsecount="101" truecount="164" num="39" type="cond"/>
            <line num="40" count="164" type="stmt"/>
            <line falsecount="164" truecount="257" num="40" type="cond"/>
            <line num="41" count="257" type="stmt"/>
            <line num="44" count="101" type="stmt"/>
            <line complexity="1" visibility="public" signature="getName() : String" num="51" count="531" type="method"/>
            <line num="52" count="531" type="stmt"/>
            <line complexity="1" visibility="public" signature="getUpperLeft() : Placement" num="59" count="36" type="method"/>
            <line num="60" count="36" type="stmt"/>
         </file>
         <file path="/home/sj445/ece651-sp25-sj445-battleship/app/src/main/java/edu/duke/sj445/battleship/BattleShipBoard.java" name="BattleShipBoard.java">
            <metrics coveredelements="119" coveredconditionals="36" complexity="34" loc="208" coveredmethods="14" methods="14" elements="119" classes="1" ncloc="138" statements="69" conditionals="36" coveredstatements="69"/>
            <class name="BattleShipBoard">
               <metrics coveredelements="119" coveredconditionals="36" complexity="34" coveredmethods="14" methods="14" elements="119" statements="69" conditionals="36" coveredstatements="69"/>
            </class>
            <line complexity="1" visibility="public" signature="getWidth() : int" num="27" count="835803" type="method"/>
            <line num="28" count="835803" type="stmt"/>
            <line complexity="1" visibility="public" signature="getHeight() : int" num="34" count="40937" type="method"/>
            <line num="35" count="40937" type="stmt"/>
            <line complexity="3" visibility="public" signature="BattleShipBoard(int,int,PlacementRuleChecker&lt;T&gt;,T)" num="45" count="39" type="method"/>
            <line num="46" count="39" type="stmt"/>
            <line falsecount="37" truecount="2" num="46" type="cond"/>
            <line num="47" count="2" type="stmt"/>
            <line num="49" count="37" type="stmt"/>
            <line falsecount="35" truecount="2" num="49" type="cond"/>
            <line num="50" count="2" type="stmt"/>
            <line num="52" count="35" type="stmt"/>
            <line num="53" count="35" type="stmt"/>
            <line num="54" count="35" type="stmt"/>
            <line num="55" count="35" type="stmt"/>
            <line num="56" count="35" type="stmt"/>
            <line num="57" count="35" type="stmt"/>
            <line num="58" count="35" type="stmt"/>
            <line complexity="1" visibility="public" signature="BattleShipBoard(int,int,T)" num="60" count="32" type="method"/>
            <line num="61" count="32" type="stmt"/>
            <line complexity="2" visibility="public" signature="tryAddShip(Ship&lt;T&gt;) : String" num="69" count="178" type="method"/>
            <line num="70" count="178" type="stmt"/>
            <line num="71" count="178" type="stmt"/>
            <line falsecount="128" truecount="50" num="71" type="cond"/>
            <line num="72" count="50" type="stmt"/>
            <line num="75" count="128" type="stmt"/>
            <line num="76" count="128" type="stmt"/>
            <line complexity="5" visibility="protected" signature="whatIsAt(Coordinate,boolean) : T" num="86" count="402594" type="method"/>
            <line num="87" count="402594" type="stmt"/>
            <line num="88" count="3605196" type="stmt"/>
            <line falsecount="3506094" truecount="99102" num="88" type="cond"/>
            <line num="89" count="99102" type="stmt"/>
            <line falsecount="98898" truecount="204" num="89" type="cond"/>
            <line num="90" count="204" type="stmt"/>
            <line num="92" count="98898" type="stmt"/>
            <line num="95" count="303492" type="stmt"/>
            <line complexity="1" visibility="public" signature="whatIsAtForSelf(Coordinate) : T" num="98" count="240562" type="method"/>
            <line num="99" count="240562" type="stmt"/>
            <line complexity="2" visibility="public" signature="whichShipIsAtForSelf(Coordinate) : Ship&lt;T&gt;" num="102" count="18" type="method"/>
            <line num="103" count="18" type="stmt"/>
            <line num="104" count="115" type="stmt"/>
            <line falsecount="99" truecount="16" num="104" type="cond"/>
            <line num="105" count="16" type="stmt"/>
            <line num="108" count="2" type="stmt"/>
            <line complexity="3" visibility="public" signature="fireAt(Coordinate) : Ship&lt;T&gt;" num="118" count="3325" type="method"/>
            <line num="119" count="3325" type="stmt"/>
            <line num="120" count="28904" type="stmt"/>
            <line falsecount="27920" truecount="984" num="120" type="cond"/>
            <line num="121" count="984" type="stmt"/>
            <line num="122" count="984" type="stmt"/>
            <line num="123" count="984" type="stmt"/>
            <line falsecount="982" truecount="2" num="123" type="cond"/>
            <line num="124" count="2" type="stmt"/>
            <line num="126" count="984" type="stmt"/>
            <line num="129" count="2341" type="stmt"/>
            <line num="130" count="2341" type="stmt"/>
            <line num="131" count="2341" type="stmt"/>
            <line complexity="3" visibility="public" signature="whatIsAtForEnemy(Coordinate) : T" num="134" count="208130" type="method"/>
            <line num="135" count="208130" type="stmt"/>
            <line falsecount="187305" truecount="20825" num="135" type="cond"/>
            <line num="136" count="20825" type="stmt"/>
            <line num="138" count="187305" type="stmt"/>
            <line falsecount="162031" truecount="25274" num="138" type="cond"/>
            <line num="139" count="25274" type="stmt"/>
            <line num="141" count="162031" type="stmt"/>
            <line complexity="3" visibility="public" signature="whatIsAtForEnemySonar(Coordinate) : T" num="144" count="364" type="method"/>
            <line num="145" count="364" type="stmt"/>
            <line num="146" count="3055" type="stmt"/>
            <line falsecount="3014" truecount="41" num="146" type="cond"/>
            <line num="147" count="41" type="stmt"/>
            <line falsecount="38" truecount="3" num="147" type="cond"/>
            <line num="148" count="3" type="stmt"/>
            <line num="150" count="38" type="stmt"/>
            <line num="154" count="323" type="stmt"/>
            <line complexity="2" visibility="public" signature="lose() : boolean" num="161" count="3346" type="method"/>
            <line num="162" count="3346" type="stmt"/>
            <line num="163" count="12907" type="stmt"/>
            <line falsecount="9567" truecount="3340" num="163" type="cond"/>
            <line num="164" count="3340" type="stmt"/>
            <line num="167" count="6" type="stmt"/>
            <line complexity="1" visibility="public" signature="removeShip(Ship&lt;T&gt;) : void" num="173" count="18" type="method"/>
            <line num="174" count="18" type="stmt"/>
            <line complexity="6" visibility="public" signature="SonarDetect(Coordinate) : HashMap&lt;T, Integer&gt;" num="188" count="19" type="method"/>
            <line num="189" count="19" type="stmt"/>
            <line num="190" count="19" type="stmt"/>
            <line num="191" count="19" type="stmt"/>
            <line num="192" count="19" type="stmt"/>
            <line falsecount="19" truecount="133" num="192" type="cond"/>
            <line num="193" count="133" type="stmt"/>
            <line falsecount="20" truecount="113" num="193" type="cond"/>
            <line num="194" count="113" type="stmt"/>
            <line num="195" count="113" type="stmt"/>
            <line falsecount="113" truecount="419" num="195" type="cond"/>
            <line num="196" count="419" type="stmt"/>
            <line falsecount="58" truecount="361" num="196" type="cond"/>
            <line num="197" count="361" type="stmt"/>
            <line num="198" count="361" type="stmt"/>
            <line num="199" count="361" type="stmt"/>
            <line falsecount="322" truecount="39" num="199" type="cond"/>
            <line num="200" count="39" type="stmt"/>
            <line num="206" count="19" type="stmt"/>
         </file>
         <file path="/home/sj445/ece651-sp25-sj445-battleship/app/src/main/java/edu/duke/sj445/battleship/BasicShip.java" name="BasicShip.java">
            <metrics coveredelements="35" coveredconditionals="6" complexity="11" loc="85" coveredmethods="8" methods="8" elements="35" classes="1" ncloc="56" statements="21" conditionals="6" coveredstatements="21"/>
            <class name="BasicShip">
               <metrics coveredelements="35" coveredconditionals="6" complexity="11" coveredmethods="8" methods="8" elements="35" statements="21" conditionals="6" coveredstatements="21"/>
            </class>
            <line complexity="1" visibility="public" signature="BasicShip(Iterable&lt;Coordinate&gt;,ShipDisplayInfo&lt;T&gt;,ShipDisplayInfo&lt;T&gt;)" num="18" count="215" type="method"/>
            <line num="19" count="215" type="stmt"/>
            <line num="20" count="215" type="stmt"/>
            <line num="21" count="215" type="stmt"/>
            <line num="22" count="851" type="stmt"/>
            <line num="24" count="215" type="stmt"/>
            <line complexity="2" visibility="protected" signature="checkCoordinateInThisShip(Coordinate) : void" num="31" count="224895" type="method"/>
            <line num="32" count="224895" type="stmt"/>
            <line falsecount="224893" truecount="2" num="32" type="cond"/>
            <line num="33" count="2" type="stmt"/>
            <line complexity="1" visibility="public" signature="occupiesCoordinates(Coordinate) : boolean" num="37" count="3637274" type="method"/>
            <line num="40" count="3637274" type="stmt"/>
            <line complexity="2" visibility="public" signature="isSunk() : boolean" num="43" count="12909" type="method"/>
            <line num="46" count="12909" type="stmt"/>
            <line num="48" count="38328" type="stmt"/>
            <line falsecount="34987" truecount="3341" num="48" type="cond"/>
            <line num="49" count="3341" type="stmt"/>
            <line num="52" count="9568" type="stmt"/>
            <line complexity="1" visibility="public" signature="recordHitAt(Coordinate) : void" num="55" count="996" type="method"/>
            <line num="58" count="996" type="stmt"/>
            <line num="59" count="996" type="stmt"/>
            <line complexity="1" visibility="public" signature="wasHitAt(Coordinate) : boolean" num="62" count="123843" type="method"/>
            <line num="65" count="123843" type="stmt"/>
            <line num="66" count="123842" type="stmt"/>
            <line complexity="2" visibility="public" signature="getDisplayInfoAt(Coordinate,boolean) : T" num="69" count="100055" type="method"/>
            <line num="73" count="100055" type="stmt"/>
            <line num="74" count="100055" type="stmt"/>
            <line falsecount="24516" truecount="75539" num="74" type="cond"/>
            <line num="75" count="75539" type="stmt"/>
            <line num="77" count="24516" type="stmt"/>
            <line complexity="1" visibility="public" signature="getCoordinates() : Iterable&lt;Coordinate&gt;" num="81" count="341" type="method"/>
            <line num="83" count="341" type="stmt"/>
         </file>
         <file path="/home/sj445/ece651-sp25-sj445-battleship/app/src/main/java/edu/duke/sj445/battleship/Coordinate.java" name="Coordinate.java">
            <metrics coveredelements="36" coveredconditionals="8" complexity="13" loc="68" coveredmethods="7" methods="7" elements="36" classes="1" ncloc="47" statements="21" conditionals="8" coveredstatements="21"/>
            <class name="Coordinate">
               <metrics coveredelements="36" coveredconditionals="8" complexity="13" coveredmethods="7" methods="7" elements="36" statements="21" conditionals="8" coveredstatements="21"/>
            </class>
            <line complexity="1" visibility="public" signature="getRow() : int" num="8" count="1674" type="method"/>
            <line num="9" count="1674" type="stmt"/>
            <line complexity="1" visibility="public" signature="getColumn() : int" num="11" count="1681" type="method"/>
            <line num="12" count="1681" type="stmt"/>
            <line complexity="1" visibility="public" signature="Coordinate(int,int)" num="21" count="391451" type="method"/>
            <line num="22" count="391451" type="stmt"/>
            <line num="23" count="391451" type="stmt"/>
            <line complexity="6" visibility="public" signature="Coordinate(String)" num="31" count="1185" type="method"/>
            <line num="32" count="1185" type="stmt"/>
            <line falsecount="1149" truecount="36" num="32" type="cond"/>
            <line num="33" count="36" type="stmt"/>
            <line num="35" count="1149" type="stmt"/>
            <line num="36" count="1149" type="stmt"/>
            <line num="38" count="1149" type="stmt"/>
            <line falsecount="1138" truecount="11" num="38" type="cond"/>
            <line num="39" count="11" type="stmt"/>
            <line num="41" count="1138" type="stmt"/>
            <line num="43" count="1138" type="stmt"/>
            <line num="44" count="1138" type="stmt"/>
            <line falsecount="1132" truecount="6" num="44" type="cond"/>
            <line num="45" count="6" type="stmt"/>
            <line num="47" count="1132" type="stmt"/>
            <line complexity="2" visibility="public" signature="equals(Object) : boolean" num="50" count="523578" type="method"/>
            <line num="53" count="523578" type="stmt"/>
            <line falsecount="1" truecount="523577" num="53" type="cond"/>
            <line num="54" count="523577" type="stmt"/>
            <line num="55" count="523577" type="stmt"/>
            <line num="57" count="1" type="stmt"/>
            <line complexity="1" visibility="public" signature="toString() : String" num="60" count="4416840" type="method"/>
            <line num="62" count="4416840" type="stmt"/>
            <line complexity="1" visibility="public" signature="hashCode() : int" num="64" count="4416831" type="method"/>
            <line num="66" count="4416831" type="stmt"/>
         </file>
         <file path="/home/sj445/ece651-sp25-sj445-battleship/app/src/main/java/edu/duke/sj445/battleship/SimpleShipDisplayInfo.java" name="SimpleShipDisplayInfo.java">
            <metrics coveredelements="9" coveredconditionals="2" complexity="3" loc="23" coveredmethods="2" methods="2" elements="9" classes="1" ncloc="18" statements="5" conditionals="2" coveredstatements="5"/>
            <class name="SimpleShipDisplayInfo">
               <metrics coveredelements="9" coveredconditionals="2" complexity="3" coveredmethods="2" methods="2" elements="9" statements="5" conditionals="2" coveredstatements="5"/>
            </class>
            <line complexity="1" visibility="public" signature="SimpleShipDisplayInfo(T,T)" num="7" count="435" type="method"/>
            <line num="8" count="435" type="stmt"/>
            <line num="9" count="435" type="stmt"/>
            <line complexity="2" visibility="public" signature="getInfo(Coordinate,boolean) : T" num="12" count="100057" type="method"/>
            <line num="15" count="100057" type="stmt"/>
            <line falsecount="56901" truecount="43156" num="15" type="cond"/>
            <line num="16" count="43156" type="stmt"/>
            <line num="19" count="56901" type="stmt"/>
         </file>
         <file path="/home/sj445/ece651-sp25-sj445-battleship/app/src/main/java/edu/duke/sj445/battleship/BoardTextView.java" name="BoardTextView.java">
            <metrics coveredelements="52" coveredconditionals="14" complexity="13" loc="102" coveredmethods="5" methods="5" elements="52" classes="1" ncloc="58" statements="33" conditionals="14" coveredstatements="33"/>
            <class name="BoardTextView">
               <metrics coveredelements="52" coveredconditionals="14" complexity="13" coveredmethods="5" methods="5" elements="52" statements="33" conditionals="14" coveredstatements="33"/>
            </class>
            <line complexity="3" visibility="public" signature="BoardTextView(Board&lt;Character&gt;)" num="25" count="27" type="method"/>
            <line num="26" count="27" type="stmt"/>
            <line num="27" count="27" type="stmt"/>
            <line falsecount="25" truecount="2" num="27" type="cond"/>
            <line num="28" count="2" type="stmt"/>
            <line complexity="6" visibility="protected" signature="displayAnyBoard(Function&lt;Coordinate, Character&gt;) : String" num="41" count="1955" type="method"/>
            <line num="42" count="1955" type="stmt"/>
            <line num="43" count="1955" type="stmt"/>
            <line num="44" count="1955" type="stmt"/>
            <line falsecount="1955" truecount="19429" num="44" type="cond"/>
            <line num="45" count="19429" type="stmt"/>
            <line num="46" count="19429" type="stmt"/>
            <line num="47" count="19429" type="stmt"/>
            <line num="49" count="1955" type="stmt"/>
            <line num="50" count="1955" type="stmt"/>
            <line num="51" count="1955" type="stmt"/>
            <line falsecount="1955" truecount="38765" num="51" type="cond"/>
            <line num="52" count="38765" type="stmt"/>
            <line num="53" count="38765" type="stmt"/>
            <line num="54" count="38765" type="stmt"/>
            <line falsecount="38765" truecount="387257" num="54" type="cond"/>
            <line num="56" count="387257" type="stmt"/>
            <line num="57" count="387257" type="stmt"/>
            <line falsecount="60750" truecount="326507" num="57" type="cond"/>
            <line num="58" count="326507" type="stmt"/>
            <line num="61" count="60750" type="stmt"/>
            <line num="63" count="387257" type="stmt"/>
            <line falsecount="38765" truecount="348492" num="63" type="cond"/>
            <line num="64" count="348492" type="stmt"/>
            <line num="67" count="38765" type="stmt"/>
            <line num="69" count="1955" type="stmt"/>
            <line complexity="1" visibility="public" signature="displayMyOwnBoard() : String" num="75" count="1024" type="method"/>
            <line num="76" count="1024" type="stmt"/>
            <line complexity="1" visibility="public" signature="displayEnemyBoard() : String" num="82" count="931" type="method"/>
            <line num="83" count="931" type="stmt"/>
            <line complexity="2" visibility="package" signature="makeHeader() : String" num="91" count="3" type="method"/>
            <line num="92" count="3" type="stmt"/>
            <line num="93" count="3" type="stmt"/>
            <line num="94" count="3" type="stmt"/>
            <line falsecount="3" truecount="8" num="94" type="cond"/>
            <line num="95" count="8" type="stmt"/>
            <line num="96" count="8" type="stmt"/>
            <line num="97" count="8" type="stmt"/>
            <line num="99" count="3" type="stmt"/>
            <line num="100" count="3" type="stmt"/>
         </file>
         <file path="/home/sj445/ece651-sp25-sj445-battleship/app/src/main/java/edu/duke/sj445/battleship/TextPlayer.java" name="TextPlayer.java">
            <metrics coveredelements="280" coveredconditionals="48" complexity="59" loc="463" coveredmethods="16" methods="16" elements="280" classes="1" ncloc="355" statements="216" conditionals="48" coveredstatements="216"/>
            <class name="TextPlayer">
               <metrics coveredelements="280" coveredconditionals="48" complexity="59" coveredmethods="16" methods="16" elements="280" statements="216" conditionals="48" coveredstatements="216"/>
            </class>
            <line complexity="1" visibility="public" signature="TextPlayer(String,Board&lt;Character&gt;,BufferedReader,PrintStream,AbstractShipFactory&lt;Character&gt;,boolean)" num="38" count="19" type="method"/>
            <line num="39" count="19" type="stmt"/>
            <line num="40" count="19" type="stmt"/>
            <line num="41" count="19" type="stmt"/>
            <line num="42" count="19" type="stmt"/>
            <line num="43" count="19" type="stmt"/>
            <line num="44" count="19" type="stmt"/>
            <line num="45" count="19" type="stmt"/>
            <line num="46" count="19" type="stmt"/>
            <line num="47" count="19" type="stmt"/>
            <line num="48" count="19" type="stmt"/>
            <line num="49" count="19" type="stmt"/>
            <line num="50" count="19" type="stmt"/>
            <line num="51" count="19" type="stmt"/>
            <line num="52" count="19" type="stmt"/>
            <line num="53" count="19" type="stmt"/>
            <line complexity="1" visibility="protected" signature="setupShipCreationMap() : void" num="59" count="19" type="method"/>
            <line num="60" count="19" type="stmt"/>
            <line num="61" count="19" type="stmt"/>
            <line num="62" count="19" type="stmt"/>
            <line num="63" count="19" type="stmt"/>
            <line complexity="1" visibility="protected" signature="setupShipCreationList() : void" num="68" count="19" type="method"/>
            <line num="69" count="19" type="stmt"/>
            <line num="70" count="19" type="stmt"/>
            <line num="71" count="19" type="stmt"/>
            <line num="72" count="19" type="stmt"/>
            <line complexity="4" visibility="public" signature="readPlacement(String,boolean) : Placement" num="80" count="201" type="method"/>
            <line num="81" count="201" type="stmt"/>
            <line num="82" count="201" type="stmt"/>
            <line num="83" count="201" type="stmt"/>
            <line falsecount="70" truecount="131" num="83" type="cond"/>
            <line num="84" count="131" type="stmt"/>
            <line num="87" count="70" type="stmt"/>
            <line num="88" count="70" type="stmt"/>
            <line falsecount="29" truecount="41" num="88" type="cond"/>
            <line num="89" count="41" type="stmt"/>
            <line num="92" count="29" type="stmt"/>
            <line num="95" count="201" type="stmt"/>
            <line falsecount="198" truecount="3" num="95" type="cond"/>
            <line num="96" count="3" type="stmt"/>
            <line num="98" count="198" type="stmt"/>
            <line complexity="7" visibility="public" signature="doOnePlacement(String,Function&lt;Placement, Ship&lt;Character&gt;&gt;) : void" num="108" count="107" type="method"/>
            <line num="109" count="107" type="stmt"/>
            <line num="110" count="107" type="stmt"/>
            <line num="111" count="107" type="stmt"/>
            <line num="112" count="107" type="stmt"/>
            <line num="113" count="107" type="stmt"/>
            <line falsecount="52" truecount="55" num="113" type="cond"/>
            <line num="114" count="55" type="stmt"/>
            <line num="116" count="107" type="stmt"/>
            <line falsecount="41" truecount="66" num="116" type="cond"/>
            <line num="117" count="66" type="stmt"/>
            <line num="118" count="101" type="stmt"/>
            <line num="119" count="101" type="stmt"/>
            <line num="120" count="88" type="stmt"/>
            <line num="121" count="83" type="stmt"/>
            <line num="122" count="83" type="stmt"/>
            <line falsecount="19" truecount="64" num="122" type="cond"/>
            <line num="123" count="64" type="stmt"/>
            <line num="126" count="19" type="stmt"/>
            <line num="129" count="16" type="stmt"/>
            <line num="132" count="64" type="stmt"/>
            <line num="133" count="64" type="stmt"/>
            <line num="134" count="64" type="stmt"/>
            <line num="137" count="41" type="stmt"/>
            <line num="138" count="68" type="stmt"/>
            <line num="139" count="68" type="stmt"/>
            <line num="140" count="68" type="stmt"/>
            <line num="141" count="68" type="stmt"/>
            <line falsecount="27" truecount="41" num="141" type="cond"/>
            <line num="142" count="41" type="stmt"/>
            <line complexity="1" visibility="public" signature="doPlacementPhase() : void" num="155" count="10" type="method"/>
            <line num="156" count="10" type="stmt"/>
            <line num="157" count="10" type="stmt"/>
            <line num="158" count="10" type="stmt"/>
            <line num="159" count="10" type="stmt"/>
            <line num="182" count="10" type="stmt"/>
            <line num="183" count="100" type="stmt"/>
            <line complexity="4" visibility="public" signature="displayMyBoardWithEnemyNextToIt(BoardTextView,String,String) : String" num="194" count="927" type="method"/>
            <line num="195" count="927" type="stmt"/>
            <line num="196" count="927" type="stmt"/>
            <line num="197" count="927" type="stmt"/>
            <line num="200" count="927" type="stmt"/>
            <line num="201" count="927" type="stmt"/>
            <line falsecount="927" truecount="25009" num="201" type="cond"/>
            <line num="202" count="25009" type="stmt"/>
            <line num="204" count="927" type="stmt"/>
            <line num="205" count="927" type="stmt"/>
            <line num="206" count="927" type="stmt"/>
            <line num="207" count="927" type="stmt"/>
            <line num="208" count="927" type="stmt"/>
            <line num="209" count="927" type="stmt"/>
            <line num="211" count="927" type="stmt"/>
            <line num="212" count="927" type="stmt"/>
            <line num="213" count="927" type="stmt"/>
            <line falsecount="927" truecount="20360" num="213" type="cond"/>
            <line num="214" count="20360" type="stmt"/>
            <line num="215" count="20360" type="stmt"/>
            <line falsecount="20360" truecount="329468" num="215" type="cond"/>
            <line num="216" count="329468" type="stmt"/>
            <line num="218" count="20360" type="stmt"/>
            <line num="219" count="20360" type="stmt"/>
            <line num="221" count="927" type="stmt"/>
            <line num="222" count="927" type="stmt"/>
            <line complexity="3" visibility="protected" signature="showFireResult(Ship&lt;Character&gt;) : void" num="229" count="3315" type="method"/>
            <line num="230" count="3315" type="stmt"/>
            <line num="231" count="3315" type="stmt"/>
            <line num="232" count="3315" type="stmt"/>
            <line num="233" count="3315" type="stmt"/>
            <line num="234" count="3315" type="stmt"/>
            <line falsecount="895" truecount="2420" num="234" type="cond"/>
            <line num="235" count="2420" type="stmt"/>
            <line num="236" count="2420" type="stmt"/>
            <line num="238" count="3315" type="stmt"/>
            <line falsecount="977" truecount="2338" num="238" type="cond"/>
            <line num="239" count="2338" type="stmt"/>
            <line num="241" count="977" type="stmt"/>
            <line num="243" count="3315" type="stmt"/>
            <line complexity="1" visibility="public" signature="ifLost() : boolean" num="251" count="3346" type="method"/>
            <line num="252" count="3346" type="stmt"/>
            <line complexity="2" visibility="public" signature="readCoordinate(String) : Coordinate" num="260" count="965" type="method"/>
            <line num="261" count="965" type="stmt"/>
            <line num="262" count="965" type="stmt"/>
            <line num="263" count="965" type="stmt"/>
            <line num="264" count="965" type="stmt"/>
            <line num="265" count="965" type="stmt"/>
            <line num="266" count="965" type="stmt"/>
            <line falsecount="964" truecount="1" num="266" type="cond"/>
            <line num="267" count="1" type="stmt"/>
            <line num="269" count="964" type="stmt"/>
            <line complexity="11" visibility="protected" signature="readMove() : String" num="275" count="967" type="method"/>
            <line num="276" count="967" type="stmt"/>
            <line falsecount="148" truecount="819" num="276" type="cond"/>
            <line num="277" count="819" type="stmt"/>
            <line num="279" count="148" type="stmt"/>
            <line num="280" count="148" type="stmt"/>
            <line num="281" count="148" type="stmt"/>
            <line num="282" count="148" type="stmt"/>
            <line num="283" count="148" type="stmt"/>
            <line num="284" count="148" type="stmt"/>
            <line num="285" count="148" type="stmt"/>
            <line num="286" count="148" type="stmt"/>
            <line num="287" count="148" type="stmt"/>
            <line falsecount="147" truecount="1" num="287" type="cond"/>
            <line num="288" count="1" type="stmt"/>
            <line num="290" count="147" type="stmt"/>
            <line num="291" count="147" type="stmt"/>
            <line falsecount="5" truecount="142" num="291" type="cond"/>
            <line num="295" count="142" type="stmt"/>
            <line num="298" count="5" type="stmt"/>
            <line complexity="4" visibility="protected" signature="moveInfo(String) : String" num="307" count="960" type="method"/>
            <line num="308" count="960" type="stmt"/>
            <line num="309" count="960" type="stmt"/>
            <line num="310" count="926" type="stmt"/>
            <line num="311" count="926" type="stmt"/>
            <line num="312" count="926" type="stmt"/>
            <line num="313" count="18" type="stmt"/>
            <line num="314" count="18" type="stmt"/>
            <line num="316" count="18" type="stmt"/>
            <line num="317" count="16" type="stmt"/>
            <line num="318" count="16" type="stmt"/>
            <line num="319" count="16" type="stmt"/>
            <line num="321" count="960" type="stmt"/>
            <line complexity="1" visibility="protected" signature="playOneTurnAI(Board&lt;Character&gt;) : void" num="327" count="2420" type="method"/>
            <line num="328" count="2420" type="stmt"/>
            <line num="329" count="2420" type="stmt"/>
            <line num="330" count="2420" type="stmt"/>
            <line num="331" count="2420" type="stmt"/>
            <line complexity="9" visibility="public" signature="playOneTurn(Board&lt;Character&gt;,BoardTextView,String) : void" num="340" count="3345" type="method"/>
            <line num="341" count="3345" type="stmt"/>
            <line falsecount="925" truecount="2420" num="341" type="cond"/>
            <line num="342" count="2420" type="stmt"/>
            <line num="343" count="2420" type="stmt"/>
            <line num="346" count="925" type="stmt"/>
            <line num="347" count="925" type="stmt"/>
            <line num="348" count="925" type="stmt"/>
            <line falsecount="925" truecount="965" num="348" type="cond"/>
            <line num="349" count="965" type="stmt"/>
            <line num="350" count="965" type="stmt"/>
            <line num="351" count="965" type="stmt"/>
            <line num="353" count="5" type="stmt"/>
            <line num="354" count="5" type="stmt"/>
            <line num="357" count="960" type="stmt"/>
            <line num="358" count="960" type="stmt"/>
            <line num="359" count="960" type="stmt"/>
            <line num="361" count="34" type="stmt"/>
            <line num="362" count="34" type="stmt"/>
            <line num="365" count="926" type="stmt"/>
            <line num="366" count="895" type="stmt"/>
            <line num="367" count="895" type="stmt"/>
            <line num="368" count="895" type="stmt"/>
            <line num="369" count="895" type="stmt"/>
            <line num="370" count="16" type="stmt"/>
            <line num="371" count="16" type="stmt"/>
            <line num="372" count="16" type="stmt"/>
            <line num="373" count="15" type="stmt"/>
            <line num="375" count="1" type="stmt"/>
            <line num="377" count="16" type="stmt"/>
            <line num="378" count="15" type="stmt"/>
            <line num="379" count="15" type="stmt"/>
            <line num="380" count="15" type="stmt"/>
            <line num="381" count="15" type="stmt"/>
            <line complexity="4" visibility="public" signature="moveShip(Coordinate) : void" num="391" count="16" type="method"/>
            <line num="392" count="16" type="stmt"/>
            <line num="393" count="16" type="stmt"/>
            <line num="394" count="16" type="stmt"/>
            <line falsecount="15" truecount="1" num="394" type="cond"/>
            <line num="395" count="1" type="stmt"/>
            <line num="397" count="15" type="stmt"/>
            <line num="398" count="15" type="stmt"/>
            <line num="399" count="15" type="stmt"/>
            <line num="400" count="26" type="stmt"/>
            <line num="401" count="26" type="stmt"/>
            <line num="402" count="19" type="stmt"/>
            <line num="403" count="17" type="stmt"/>
            <line num="404" count="17" type="stmt"/>
            <line num="405" count="17" type="stmt"/>
            <line falsecount="2" truecount="15" num="405" type="cond"/>
            <line num="407" count="15" type="stmt"/>
            <line num="408" count="15" type="stmt"/>
            <line num="410" count="15" type="stmt"/>
            <line num="412" count="8" type="stmt"/>
            <line num="414" count="15" type="stmt"/>
            <line num="417" count="2" type="stmt"/>
            <line num="420" count="9" type="stmt"/>
            <line num="424" count="15" type="stmt"/>
            <line num="425" count="15" type="stmt"/>
            <line num="426" count="15" type="stmt"/>
            <line num="427" count="15" type="stmt"/>
            <line complexity="5" visibility="public" signature="useSonar(Board&lt;Character&gt;,Coordinate) : void" num="435" count="18" type="method"/>
            <line num="436" count="18" type="stmt"/>
            <line num="437" count="18" type="stmt"/>
            <line num="438" count="18" type="stmt"/>
            <line num="439" count="18" type="stmt"/>
            <line num="440" count="18" type="stmt"/>
            <line num="441" count="18" type="stmt"/>
            <line num="442" count="18" type="stmt"/>
            <line num="443" count="18" type="stmt"/>
            <line num="444" count="18" type="stmt"/>
            <line num="445" count="18" type="stmt"/>
            <line num="446" count="18" type="stmt"/>
            <line falsecount="17" truecount="1" num="446" type="cond"/>
            <line num="447" count="1" type="stmt"/>
            <line num="449" count="18" type="stmt"/>
            <line num="450" count="18" type="stmt"/>
            <line falsecount="16" truecount="2" num="450" type="cond"/>
            <line num="451" count="2" type="stmt"/>
            <line num="453" count="18" type="stmt"/>
            <line num="454" count="18" type="stmt"/>
            <line falsecount="15" truecount="3" num="454" type="cond"/>
            <line num="455" count="3" type="stmt"/>
            <line num="457" count="18" type="stmt"/>
            <line num="458" count="18" type="stmt"/>
            <line falsecount="15" truecount="3" num="458" type="cond"/>
            <line num="459" count="3" type="stmt"/>
            <line num="461" count="18" type="stmt"/>
         </file>
         <file path="/home/sj445/ece651-sp25-sj445-battleship/app/src/main/java/edu/duke/sj445/battleship/AbstractShipFactory.java" name="AbstractShipFactory.java">
            <metrics coveredelements="0" coveredconditionals="0" complexity="0" loc="42" coveredmethods="0" methods="0" elements="0" classes="1" ncloc="7" statements="0" conditionals="0" coveredstatements="0"/>
            <class name="AbstractShipFactory">
               <metrics coveredelements="0" coveredconditionals="0" complexity="0" coveredmethods="0" methods="0" elements="0" statements="0" conditionals="0" coveredstatements="0"/>
            </class>
         </file>
         <file path="/home/sj445/ece651-sp25-sj445-battleship/app/src/main/java/edu/duke/sj445/battleship/ShipRotationHitMap.java" name="ShipRotationHitMap.java">
            <metrics coveredelements="122" coveredconditionals="8" complexity="21" loc="161" coveredmethods="5" methods="5" elements="122" classes="1" ncloc="137" statements="109" conditionals="8" coveredstatements="109"/>
            <class name="ShipRotationHitMap">
               <metrics coveredelements="122" coveredconditionals="8" complexity="21" coveredmethods="5" methods="5" elements="122" statements="109" conditionals="8" coveredstatements="109"/>
            </class>
            <line complexity="7" visibility="public" signature="Rotation(Ship&lt;Character&gt;,Ship&lt;Character&gt;) : Set&lt;Coordinate&gt;" num="15" count="21" type="method"/>
            <line num="16" count="21" type="stmt"/>
            <line num="17" count="21" type="stmt"/>
            <line num="18" count="21" type="stmt"/>
            <line num="19" count="21" type="stmt"/>
            <line num="20" count="21" type="stmt"/>
            <line num="21" count="21" type="stmt"/>
            <line num="22" count="21" type="stmt"/>
            <line num="23" count="21" type="stmt"/>
            <line num="24" count="21" type="stmt"/>
            <line num="25" count="7" type="stmt"/>
            <line num="26" count="7" type="stmt"/>
            <line num="27" count="7" type="stmt"/>
            <line num="28" count="7" type="stmt"/>
            <line num="29" count="2" type="stmt"/>
            <line num="30" count="2" type="stmt"/>
            <line num="31" count="2" type="stmt"/>
            <line num="32" count="2" type="stmt"/>
            <line num="33" count="9" type="stmt"/>
            <line num="34" count="9" type="stmt"/>
            <line num="35" count="9" type="stmt"/>
            <line num="36" count="9" type="stmt"/>
            <line num="37" count="3" type="stmt"/>
            <line num="38" count="3" type="stmt"/>
            <line num="39" count="3" type="stmt"/>
            <line num="40" count="3" type="stmt"/>
            <line num="43" count="21" type="stmt"/>
            <line falsecount="21" truecount="77" num="43" type="cond"/>
            <line num="44" count="77" type="stmt"/>
            <line falsecount="68" truecount="9" num="44" type="cond"/>
            <line num="45" count="9" type="stmt"/>
            <line num="48" count="21" type="stmt"/>
            <line complexity="2" visibility="protected" signature="SubmarineHelper(Coordinate,char) : List&lt;Coordinate&gt;" num="51" count="14" type="method"/>
            <line num="52" count="14" type="stmt"/>
            <line num="53" count="14" type="stmt"/>
            <line num="54" count="14" type="stmt"/>
            <line falsecount="1" truecount="13" num="54" type="cond"/>
            <line num="55" count="13" type="stmt"/>
            <line num="58" count="1" type="stmt"/>
            <line num="60" count="14" type="stmt"/>
            <line complexity="2" visibility="protected" signature="DestroyerHelper(Coordinate,char) : List&lt;Coordinate&gt;" num="63" count="4" type="method"/>
            <line num="64" count="4" type="stmt"/>
            <line num="65" count="4" type="stmt"/>
            <line num="66" count="4" type="stmt"/>
            <line falsecount="2" truecount="2" num="66" type="cond"/>
            <line num="67" count="2" type="stmt"/>
            <line num="68" count="2" type="stmt"/>
            <line num="71" count="2" type="stmt"/>
            <line num="72" count="2" type="stmt"/>
            <line num="74" count="4" type="stmt"/>
            <line complexity="5" visibility="protected" signature="BattleshipHelper(Coordinate,char) : List&lt;Coordinate&gt;" num="77" count="18" type="method"/>
            <line num="78" count="18" type="stmt"/>
            <line num="83" count="18" type="stmt"/>
            <line num="84" count="6" type="stmt"/>
            <line num="85" count="6" type="stmt"/>
            <line num="86" count="6" type="stmt"/>
            <line num="87" count="6" type="stmt"/>
            <line num="88" count="6" type="stmt"/>
            <line num="89" count="6" type="stmt"/>
            <line num="90" count="5" type="stmt"/>
            <line num="91" count="5" type="stmt"/>
            <line num="92" count="5" type="stmt"/>
            <line num="93" count="5" type="stmt"/>
            <line num="94" count="5" type="stmt"/>
            <line num="95" count="5" type="stmt"/>
            <line num="96" count="3" type="stmt"/>
            <line num="97" count="3" type="stmt"/>
            <line num="98" count="3" type="stmt"/>
            <line num="99" count="3" type="stmt"/>
            <line num="100" count="3" type="stmt"/>
            <line num="101" count="3" type="stmt"/>
            <line num="102" count="4" type="stmt"/>
            <line num="103" count="4" type="stmt"/>
            <line num="104" count="4" type="stmt"/>
            <line num="105" count="4" type="stmt"/>
            <line num="106" count="4" type="stmt"/>
            <line num="107" count="4" type="stmt"/>
            <line num="109" count="18" type="stmt"/>
            <line complexity="5" visibility="protected" signature="CarrierHelper(Coordinate,char) : List&lt;Coordinate&gt;" num="112" count="6" type="method"/>
            <line num="113" count="6" type="stmt"/>
            <line num="121" count="6" type="stmt"/>
            <line num="122" count="1" type="stmt"/>
            <line num="123" count="1" type="stmt"/>
            <line num="124" count="1" type="stmt"/>
            <line num="125" count="1" type="stmt"/>
            <line num="126" count="1" type="stmt"/>
            <line num="127" count="1" type="stmt"/>
            <line num="128" count="1" type="stmt"/>
            <line num="129" count="1" type="stmt"/>
            <line num="130" count="1" type="stmt"/>
            <line num="131" count="2" type="stmt"/>
            <line num="132" count="2" type="stmt"/>
            <line num="133" count="2" type="stmt"/>
            <line num="134" count="2" type="stmt"/>
            <line num="135" count="2" type="stmt"/>
            <line num="136" count="2" type="stmt"/>
            <line num="137" count="2" type="stmt"/>
            <line num="138" count="2" type="stmt"/>
            <line num="139" count="2" type="stmt"/>
            <line num="140" count="1" type="stmt"/>
            <line num="141" count="1" type="stmt"/>
            <line num="142" count="1" type="stmt"/>
            <line num="143" count="1" type="stmt"/>
            <line num="144" count="1" type="stmt"/>
            <line num="145" count="1" type="stmt"/>
            <line num="146" count="1" type="stmt"/>
            <line num="147" count="1" type="stmt"/>
            <line num="148" count="1" type="stmt"/>
            <line num="149" count="2" type="stmt"/>
            <line num="150" count="2" type="stmt"/>
            <line num="151" count="2" type="stmt"/>
            <line num="152" count="2" type="stmt"/>
            <line num="153" count="2" type="stmt"/>
            <line num="154" count="2" type="stmt"/>
            <line num="155" count="2" type="stmt"/>
            <line num="156" count="2" type="stmt"/>
            <line num="157" count="2" type="stmt"/>
            <line num="159" count="6" type="stmt"/>
         </file>
         <file path="/home/sj445/ece651-sp25-sj445-battleship/app/src/main/java/edu/duke/sj445/battleship/V2ShipFactory.java" name="V2ShipFactory.java">
            <metrics coveredelements="108" coveredconditionals="8" complexity="25" loc="189" coveredmethods="5" methods="5" elements="108" classes="1" ncloc="118" statements="95" conditionals="8" coveredstatements="95"/>
            <class name="V2ShipFactory">
               <metrics coveredelements="108" coveredconditionals="8" complexity="25" coveredmethods="5" methods="5" elements="108" statements="95" conditionals="8" coveredstatements="95"/>
            </class>
            <line complexity="1" visibility="protected" signature="createShip(Coordinate[],int[],int[],char,String,Placement) : Ship&lt;Character&gt;" num="13" count="113" type="method"/>
            <line num="14" count="113" type="stmt"/>
            <line complexity="3" visibility="public" signature="makeSubmarine(Placement) : Ship&lt;Character&gt;" num="23" count="36" type="method"/>
            <line num="25" count="36" type="stmt"/>
            <line num="26" count="36" type="stmt"/>
            <line falsecount="35" truecount="1" num="26" type="cond"/>
            <line num="27" count="1" type="stmt"/>
            <line num="29" count="35" type="stmt"/>
            <line num="30" count="35" type="stmt"/>
            <line complexity="9" visibility="public" signature="makeBattleship(Placement) : Ship&lt;Character&gt;" num="39" count="75" type="method"/>
            <line num="41" count="75" type="stmt"/>
            <line num="42" count="75" type="stmt"/>
            <line falsecount="67" truecount="8" num="42" type="cond"/>
            <line num="43" count="8" type="stmt"/>
            <line num="46" count="67" type="stmt"/>
            <line num="47" count="67" type="stmt"/>
            <line num="48" count="67" type="stmt"/>
            <line num="49" count="67" type="stmt"/>
            <line num="50" count="67" type="stmt"/>
            <line num="53" count="67" type="stmt"/>
            <line num="54" count="12" type="stmt"/>
            <line num="59" count="12" type="stmt"/>
            <line num="60" count="12" type="stmt"/>
            <line num="61" count="12" type="stmt"/>
            <line num="62" count="12" type="stmt"/>
            <line num="63" count="12" type="stmt"/>
            <line num="64" count="12" type="stmt"/>
            <line num="65" count="12" type="stmt"/>
            <line num="66" count="10" type="stmt"/>
            <line num="72" count="10" type="stmt"/>
            <line num="73" count="10" type="stmt"/>
            <line num="74" count="10" type="stmt"/>
            <line num="75" count="10" type="stmt"/>
            <line num="76" count="10" type="stmt"/>
            <line num="77" count="10" type="stmt"/>
            <line num="78" count="10" type="stmt"/>
            <line num="79" count="8" type="stmt"/>
            <line num="84" count="8" type="stmt"/>
            <line num="85" count="8" type="stmt"/>
            <line num="86" count="8" type="stmt"/>
            <line num="87" count="8" type="stmt"/>
            <line num="88" count="8" type="stmt"/>
            <line num="89" count="8" type="stmt"/>
            <line num="90" count="8" type="stmt"/>
            <line num="91" count="37" type="stmt"/>
            <line num="97" count="37" type="stmt"/>
            <line num="98" count="37" type="stmt"/>
            <line num="99" count="37" type="stmt"/>
            <line num="100" count="37" type="stmt"/>
            <line num="101" count="37" type="stmt"/>
            <line num="102" count="37" type="stmt"/>
            <line num="103" count="37" type="stmt"/>
            <line num="105" count="67" type="stmt"/>
            <line complexity="9" visibility="public" signature="makeCarrier(Placement) : Ship&lt;Character&gt;" num="108" count="47" type="method"/>
            <line num="110" count="47" type="stmt"/>
            <line num="111" count="47" type="stmt"/>
            <line falsecount="46" truecount="1" num="111" type="cond"/>
            <line num="112" count="1" type="stmt"/>
            <line num="115" count="46" type="stmt"/>
            <line num="116" count="46" type="stmt"/>
            <line num="117" count="46" type="stmt"/>
            <line num="118" count="46" type="stmt"/>
            <line num="119" count="46" type="stmt"/>
            <line num="120" count="46" type="stmt"/>
            <line num="121" count="3" type="stmt"/>
            <line num="129" count="3" type="stmt"/>
            <line num="130" count="3" type="stmt"/>
            <line num="131" count="3" type="stmt"/>
            <line num="132" count="3" type="stmt"/>
            <line num="133" count="3" type="stmt"/>
            <line num="134" count="3" type="stmt"/>
            <line num="135" count="3" type="stmt"/>
            <line num="136" count="6" type="stmt"/>
            <line num="141" count="6" type="stmt"/>
            <line num="142" count="6" type="stmt"/>
            <line num="143" count="6" type="stmt"/>
            <line num="144" count="6" type="stmt"/>
            <line num="145" count="6" type="stmt"/>
            <line num="146" count="6" type="stmt"/>
            <line num="147" count="6" type="stmt"/>
            <line num="148" count="3" type="stmt"/>
            <line num="156" count="3" type="stmt"/>
            <line num="157" count="3" type="stmt"/>
            <line num="158" count="3" type="stmt"/>
            <line num="159" count="3" type="stmt"/>
            <line num="160" count="3" type="stmt"/>
            <line num="161" count="3" type="stmt"/>
            <line num="162" count="3" type="stmt"/>
            <line num="163" count="34" type="stmt"/>
            <line num="168" count="34" type="stmt"/>
            <line num="169" count="34" type="stmt"/>
            <line num="170" count="34" type="stmt"/>
            <line num="171" count="34" type="stmt"/>
            <line num="172" count="34" type="stmt"/>
            <line num="173" count="34" type="stmt"/>
            <line num="174" count="34" type="stmt"/>
            <line num="176" count="46" type="stmt"/>
            <line complexity="3" visibility="public" signature="makeDestroyer(Placement) : Ship&lt;Character&gt;" num="179" count="35" type="method"/>
            <line num="181" count="35" type="stmt"/>
            <line num="182" count="35" type="stmt"/>
            <line falsecount="34" truecount="1" num="182" type="cond"/>
            <line num="183" count="1" type="stmt"/>
            <line num="185" count="34" type="stmt"/>
            <line num="186" count="34" type="stmt"/>
         </file>
         <file path="/home/sj445/ece651-sp25-sj445-battleship/app/src/main/java/edu/duke/sj445/battleship/App.java" name="App.java">
            <metrics coveredelements="61" coveredconditionals="6" complexity="15" loc="125" coveredmethods="5" methods="5" elements="61" classes="1" ncloc="81" statements="50" conditionals="6" coveredstatements="50"/>
            <class name="App">
               <metrics coveredelements="61" coveredconditionals="6" complexity="15" coveredmethods="5" methods="5" elements="61" statements="50" conditionals="6" coveredstatements="50"/>
            </class>
            <line complexity="1" visibility="public" signature="App(TextPlayer,TextPlayer)" num="21" count="5" type="method"/>
            <line num="22" count="5" type="stmt"/>
            <line num="23" count="5" type="stmt"/>
            <line complexity="1" visibility="public" signature="doPlacementPhase() : void" num="32" count="5" type="method"/>
            <line num="33" count="5" type="stmt"/>
            <line num="34" count="5" type="stmt"/>
            <line complexity="3" visibility="public" signature="doAttackingPhase() : void" num="44" count="5" type="method"/>
            <line num="45" count="5" type="stmt"/>
            <line num="46" count="1674" type="stmt"/>
            <line num="47" count="1674" type="stmt"/>
            <line falsecount="1670" truecount="4" num="47" type="cond"/>
            <line num="48" count="4" type="stmt"/>
            <line num="49" count="4" type="stmt"/>
            <line num="51" count="1670" type="stmt"/>
            <line num="52" count="1670" type="stmt"/>
            <line falsecount="1669" truecount="1" num="52" type="cond"/>
            <line num="53" count="1" type="stmt"/>
            <line num="54" count="1" type="stmt"/>
            <line complexity="5" visibility="public" signature="getGameMode(BufferedReader) : String" num="64" count="6" type="method"/>
            <line num="65" count="6" type="stmt"/>
            <line num="66" count="6" type="stmt"/>
            <line num="67" count="8" type="stmt"/>
            <line num="68" count="8" type="stmt"/>
            <line num="69" count="8" type="stmt"/>
            <line falsecount="2" truecount="6" num="69" type="cond"/>
            <line num="70" count="6" type="stmt"/>
            <line num="73" count="2" type="stmt"/>
            <line num="76" count="6" type="stmt"/>
            <line complexity="5" visibility="public" signature="main(String[]) : void" num="87" count="5" type="method"/>
            <line num="88" count="5" type="stmt"/>
            <line num="89" count="5" type="stmt"/>
            <line num="90" count="5" type="stmt"/>
            <line num="96" count="5" type="stmt"/>
            <line num="98" count="5" type="stmt"/>
            <line num="99" count="5" type="stmt"/>
            <line num="100" count="5" type="stmt"/>
            <line num="101" count="5" type="stmt"/>
            <line num="102" count="5" type="stmt"/>
            <line num="103" count="5" type="stmt"/>
            <line num="104" count="2" type="stmt"/>
            <line num="105" count="2" type="stmt"/>
            <line num="106" count="2" type="stmt"/>
            <line num="107" count="2" type="stmt"/>
            <line num="108" count="1" type="stmt"/>
            <line num="109" count="1" type="stmt"/>
            <line num="110" count="1" type="stmt"/>
            <line num="111" count="1" type="stmt"/>
            <line num="112" count="1" type="stmt"/>
            <line num="113" count="1" type="stmt"/>
            <line num="114" count="1" type="stmt"/>
            <line num="115" count="1" type="stmt"/>
            <line num="116" count="1" type="stmt"/>
            <line num="117" count="1" type="stmt"/>
            <line num="118" count="1" type="stmt"/>
            <line num="119" count="1" type="stmt"/>
            <line num="121" count="5" type="stmt"/>
            <line num="122" count="5" type="stmt"/>
            <line num="123" count="5" type="stmt"/>
         </file>
         <file path="/home/sj445/ece651-sp25-sj445-battleship/app/src/main/java/edu/duke/sj445/battleship/NotRandom.java" name="NotRandom.java">
            <metrics coveredelements="17" coveredconditionals="2" complexity="4" loc="32" coveredmethods="3" methods="3" elements="17" classes="1" ncloc="26" statements="12" conditionals="2" coveredstatements="12"/>
            <class name="NotRandom">
               <metrics coveredelements="17" coveredconditionals="2" complexity="4" coveredmethods="3" methods="3" elements="17" statements="12" conditionals="2" coveredstatements="12"/>
            </class>
            <line complexity="2" visibility="public" signature="NotRandom()" num="10" count="20" type="method"/>
            <line num="11" count="20" type="stmt"/>
            <line num="12" count="20" type="stmt"/>
            <line falsecount="20" truecount="400" num="12" type="cond"/>
            <line num="13" count="400" type="stmt"/>
            <line num="16" count="20" type="stmt"/>
            <line num="17" count="20" type="stmt"/>
            <line num="18" count="20" type="stmt"/>
            <line num="19" count="20" type="stmt"/>
            <line complexity="1" visibility="public" signature="nextInt(int) : int" num="22" count="4841" type="method"/>
            <line num="23" count="4841" type="stmt"/>
            <line num="24" count="4841" type="stmt"/>
            <line num="25" count="4841" type="stmt"/>
            <line complexity="1" visibility="public" signature="placeCoordinate() : String" num="27" count="71" type="method"/>
            <line num="28" count="71" type="stmt"/>
            <line num="29" count="71" type="stmt"/>
         </file>
      </package>
   </project>
   <testproject name="app" timestamp="1739934484744">
      <metrics coveredelements="639" complexity="74" loc="1197" methods="62" classes="20" statements="555" packages="1" coveredconditionals="22" coveredmethods="62" elements="639" ncloc="989" files="20" conditionals="22" coveredstatements="555"/>
      <package name="edu.duke.sj445.battleship">
         <metrics coveredelements="639" complexity="74" loc="1197" methods="62" classes="20" statements="555" coveredconditionals="22" coveredmethods="62" elements="639" ncloc="989" files="20" conditionals="22" coveredstatements="555"/>
         <file path="/home/sj445/ece651-sp25-sj445-battleship/app/src/test/java/edu/duke/sj445/battleship/SpecialShipTest.java" name="SpecialShipTest.java">
            <metrics coveredelements="36" coveredconditionals="6" complexity="5" loc="51" coveredmethods="2" methods="2" elements="36" classes="1" ncloc="44" statements="28" conditionals="6" coveredstatements="28"/>
            <class name="SpecialShipTest">
               <metrics coveredelements="36" complexity="5" methods="2" testruns="2" statements="28" coveredconditionals="6" coveredmethods="2" elements="36" testfailures="0" testduration="0.0" conditionals="6" coveredstatements="28" testpasses="2"/>
            </class>
            <line complexity="4" visibility="public" signature="test_makeCoords() : void" num="11" testsuccess="true" count="1" testduration="0.0" type="method"/>
            <line num="13" count="1" type="stmt"/>
            <line num="14" count="1" type="stmt"/>
            <line num="15" count="1" type="stmt"/>
            <line num="16" count="1" type="stmt"/>
            <line num="17" count="1" type="stmt"/>
            <line num="18" count="1" type="stmt"/>
            <line num="19" count="1" type="stmt"/>
            <line num="20" count="1" type="stmt"/>
            <line num="21" count="1" type="stmt"/>
            <line num="23" count="1" type="stmt"/>
            <line num="24" count="1" type="stmt"/>
            <line falsecount="1" truecount="2" num="24" type="cond"/>
            <line num="25" count="2" type="stmt"/>
            <line falsecount="2" truecount="3" num="25" type="cond"/>
            <line num="26" count="3" type="stmt"/>
            <line falsecount="3" truecount="8" num="26" type="cond"/>
            <line num="27" count="8" type="stmt"/>
            <line num="28" count="8" type="stmt"/>
            <line complexity="1" visibility="public" signature="test_constructor() : void" num="34" testsuccess="true" count="1" testduration="0.0" type="method"/>
            <line num="36" count="1" type="stmt"/>
            <line num="37" count="1" type="stmt"/>
            <line num="38" count="1" type="stmt"/>
            <line num="39" count="1" type="stmt"/>
            <line num="40" count="1" type="stmt"/>
            <line num="41" count="1" type="stmt"/>
            <line num="42" count="1" type="stmt"/>
            <line num="43" count="1" type="stmt"/>
            <line num="44" count="1" type="stmt"/>
            <line num="46" count="1" type="stmt"/>
            <line num="47" count="1" type="stmt"/>
            <line num="48" count="1" type="stmt"/>
            <line num="49" count="1" type="stmt"/>
         </file>
         <file path="/home/sj445/ece651-sp25-sj445-battleship/app/src/test/java/edu/duke/sj445/battleship/PlacementTest.java" name="PlacementTest.java">
            <metrics coveredelements="63" coveredconditionals="0" complexity="6" loc="96" coveredmethods="6" methods="6" elements="63" classes="1" ncloc="80" statements="57" conditionals="0" coveredstatements="57"/>
            <class name="PlacementTest">
               <metrics coveredelements="63" complexity="6" methods="6" testruns="6" statements="57" coveredconditionals="0" coveredmethods="6" elements="63" testfailures="0" testduration="0.006" conditionals="0" coveredstatements="57" testpasses="6"/>
            </class>
            <line complexity="1" visibility="public" signature="test_() : void" num="8" testsuccess="true" count="1" testduration="0.0" type="method"/>
            <line num="10" count="1" type="stmt"/>
            <line num="11" count="1" type="stmt"/>
            <line num="12" count="1" type="stmt"/>
            <line num="13" count="1" type="stmt"/>
            <line complexity="1" visibility="public" signature="test_equals() : void" num="16" testsuccess="true" count="1" testduration="0.0" type="method"/>
            <line num="18" count="1" type="stmt"/>
            <line num="19" count="1" type="stmt"/>
            <line num="20" count="1" type="stmt"/>
            <line num="21" count="1" type="stmt"/>
            <line num="23" count="1" type="stmt"/>
            <line num="24" count="1" type="stmt"/>
            <line num="25" count="1" type="stmt"/>
            <line num="26" count="1" type="stmt"/>
            <line num="28" count="1" type="stmt"/>
            <line num="29" count="1" type="stmt"/>
            <line num="30" count="1" type="stmt"/>
            <line num="31" count="1" type="stmt"/>
            <line num="32" count="1" type="stmt"/>
            <line num="33" count="1" type="stmt"/>
            <line complexity="1" visibility="public" signature="test_toString() : void" num="36" testsuccess="true" count="1" testduration="0.0" type="method"/>
            <line num="38" count="1" type="stmt"/>
            <line num="39" count="1" type="stmt"/>
            <line num="40" count="1" type="stmt"/>
            <line num="41" count="1" type="stmt"/>
            <line num="43" count="1" type="stmt"/>
            <line num="44" count="1" type="stmt"/>
            <line num="45" count="1" type="stmt"/>
            <line num="46" count="1" type="stmt"/>
            <line num="48" count="1" type="stmt"/>
            <line num="49" count="1" type="stmt"/>
            <line num="50" count="1" type="stmt"/>
            <line num="51" count="1" type="stmt"/>
            <line num="52" count="1" type="stmt"/>
            <line complexity="1" visibility="public" signature="test_hashCode() : void" num="55" testsuccess="true" count="1" testduration="0.005" type="method"/>
            <line num="57" count="1" type="stmt"/>
            <line num="58" count="1" type="stmt"/>
            <line num="59" count="1" type="stmt"/>
            <line num="60" count="1" type="stmt"/>
            <line num="62" count="1" type="stmt"/>
            <line num="63" count="1" type="stmt"/>
            <line num="64" count="1" type="stmt"/>
            <line num="65" count="1" type="stmt"/>
            <line num="67" count="1" type="stmt"/>
            <line num="68" count="1" type="stmt"/>
            <line num="69" count="1" type="stmt"/>
            <line complexity="1" visibility="package" signature="test_string_constructor_valid_cases() : void" num="73" testsuccess="true" count="1" testduration="0.0" type="method"/>
            <line num="75" count="1" type="stmt"/>
            <line num="76" count="1" type="stmt"/>
            <line num="77" count="1" type="stmt"/>
            <line num="78" count="1" type="stmt"/>
            <line num="80" count="1" type="stmt"/>
            <line num="81" count="1" type="stmt"/>
            <line num="82" count="1" type="stmt"/>
            <line num="83" count="1" type="stmt"/>
            <line complexity="1" visibility="public" signature="test_string_constructor_error_cases() : void" num="85" testsuccess="true" count="1" testduration="0.001" type="method"/>
            <line num="87" count="1" type="stmt"/>
            <line num="88" count="1" type="stmt"/>
[...]
            <class name="BasicShipTest">
               <metrics coveredelements="1" complexity="1" methods="1" testruns="1" statements="0" coveredconditionals="0" coveredmethods="1" elements="1" testfailures="0" testduration="0.0" conditionals="0" coveredstatements="0" testpasses="1"/>
            </class>
            <line complexity="1" visibility="public" signature="test_() : void" num="8" testsuccess="true" count="1" testduration="0.0" type="method"/>
         </file>
         <file path="/home/sj445/ece651-sp25-sj445-battleship/app/src/test/java/edu/duke/sj445/battleship/NotRandomTest.java" name="NotRandomTest.java">
            <metrics coveredelements="4" coveredconditionals="0" complexity="1" loc="15" coveredmethods="1" methods="1" elements="4" classes="1" ncloc="11" statements="3" conditionals="0" coveredstatements="3"/>
            <class name="NotRandomTest">
               <metrics coveredelements="4" complexity="1" methods="1" testruns="1" statements="3" coveredconditionals="0" coveredmethods="1" elements="4" testfailures="0" testduration="0.0" conditionals="0" coveredstatements="3" testpasses="1"/>
            </class>
            <line complexity="1" visibility="public" signature="test_() : void" num="8" testsuccess="true" count="1" testduration="0.0" type="method"/>
            <line num="10" count="1" type="stmt"/>
            <line num="11" count="1" type="stmt"/>
            <line num="12" count="1" type="stmt"/>
         </file>
         <file path="/home/sj445/ece651-sp25-sj445-battleship/app/src/test/java/edu/duke/sj445/battleship/BattleShipBoardTest.java" name="BattleShipBoardTest.java">
            <metrics coveredelements="84" coveredconditionals="8" complexity="13" loc="124" coveredmethods="8" methods="8" elements="84" classes="1" ncloc="109" statements="68" conditionals="8" coveredstatements="68"/>
            <class name="BattleShipBoardTest">
               <metrics coveredelements="84" complexity="13" methods="8" testruns="7" statements="68" coveredconditionals="8" coveredmethods="8" elements="84" testfailures="0" testduration="0.008" conditionals="8" coveredstatements="68" testpasses="7"/>
            </class>
            <line complexity="1" visibility="public" signature="test_() : void" num="18" testsuccess="true" count="1" testduration="0.001" type="method"/>
            <line num="20" count="1" type="stmt"/>
            <line num="21" count="1" type="stmt"/>
            <line num="22" count="1" type="stmt"/>
            <line complexity="1" visibility="public" signature="test_invalid_dimensions() : void" num="25" testsuccess="true" count="1" testduration="0.001" type="method"/>
            <line num="27" count="1" type="stmt"/>
            <line num="28" count="1" type="stmt"/>
            <line num="29" count="1" type="stmt"/>
            <line num="30" count="1" type="stmt"/>
            <line complexity="1" visibility="public" signature="test_width_and_height() : void" num="33" testsuccess="true" count="1" testduration="0.0" type="method"/>
            <line num="35" count="1" type="stmt"/>
            <line num="36" count="1" type="stmt"/>
            <line num="37" count="1" type="stmt"/>
            <line complexity="6" visibility="private" signature="checkWhatIsAtBoard(BattleShipBoard&lt;T&gt;,T[][]) : void" num="40" count="4" type="method"/>
            <line num="41" count="4" type="stmt"/>
            <line falsecount="3" truecount="1" num="41" type="cond"/>
            <line num="42" count="1" type="stmt"/>
            <line num="44" count="3" type="stmt"/>
            <line falsecount="2" truecount="7" num="44" type="cond"/>
            <line num="45" count="7" type="stmt"/>
            <line falsecount="6" truecount="19" num="45" type="cond"/>
            <line num="46" count="19" type="stmt"/>
            <line falsecount="18" truecount="1" num="46" type="cond"/>
            <line num="47" count="1" type="stmt"/>
            <line complexity="1" visibility="public" signature="test_board_starts_empty() : void" num="53" testsuccess="true" count="1" testduration="0.004" type="method"/>
            <line num="55" count="1" type="stmt"/>
            <line num="56" count="1" type="stmt"/>
            <line num="57" count="1" type="stmt"/>
            <line num="58" count="1" type="stmt"/>
            <line num="59" count="1" type="stmt"/>
            <line num="60" count="1" type="stmt"/>
            <line num="61" count="1" type="stmt"/>
            <line complexity="1" visibility="public" signature="test_add_ship() : void" num="64" testsuccess="true" count="1" testduration="0.0" type="method"/>
            <line num="66" count="1" type="stmt"/>
            <line num="67" count="1" type="stmt"/>
            <line num="68" count="1" type="stmt"/>
            <line num="69" count="1" type="stmt"/>
            <line num="70" count="1" type="stmt"/>
            <line num="71" count="1" type="stmt"/>
            <line num="72" count="1" type="stmt"/>
            <line num="73" count="1" type="stmt"/>
            <line complexity="1" visibility="public" signature="test_fireAt() : void" num="77" testsuccess="true" count="1" testduration="0.001" type="method"/>
            <line num="79" count="1" type="stmt"/>
            <line num="80" count="1" type="stmt"/>
            <line num="81" count="1" type="stmt"/>
            <line num="82" count="1" type="stmt"/>
            <line num="83" count="1" type="stmt"/>
            <line num="84" count="1" type="stmt"/>
            <line num="85" count="1" type="stmt"/>
            <line num="86" count="1" type="stmt"/>
            <line num="87" count="1" type="stmt"/>
            <line num="88" count="1" type="stmt"/>
            <line num="89" count="1" type="stmt"/>
            <line num="91" count="1" type="stmt"/>
            <line num="92" count="1" type="stmt"/>
            <line num="93" count="1" type="stmt"/>
            <line num="94" count="1" type="stmt"/>
            <line num="95" count="1" type="stmt"/>
            <line num="96" count="1" type="stmt"/>
            <line num="97" count="1" type="stmt"/>
            <line num="98" count="1" type="stmt"/>
            <line num="99" count="1" type="stmt"/>
            <line num="100" count="1" type="stmt"/>
            <line num="101" count="1" type="stmt"/>
            <line num="102" count="1" type="stmt"/>
            <line num="104" count="1" type="stmt"/>
            <line num="105" count="1" type="stmt"/>
            <line num="106" count="1" type="stmt"/>
            <line complexity="1" visibility="public" signature="test_whatisAt() : void" num="109" testsuccess="true" count="1" testduration="0.001" type="method"/>
            <line num="111" count="1" type="stmt"/>
            <line num="112" count="1" type="stmt"/>
            <line num="113" count="1" type="stmt"/>
            <line num="114" count="1" type="stmt"/>
            <line num="115" count="1" type="stmt"/>
            <line num="116" count="1" type="stmt"/>
            <line num="117" count="1" type="stmt"/>
            <line num="118" count="1" type="stmt"/>
            <line num="119" count="1" type="stmt"/>
            <line num="120" count="1" type="stmt"/>
            <line num="122" count="1" type="stmt"/>
         </file>
         <file path="/home/sj445/ece651-sp25-sj445-battleship/app/src/test/java/edu/duke/sj445/battleship/TextPlayerTest.java" name="TextPlayerTest.java">
            <metrics coveredelements="110" coveredconditionals="6" complexity="12" loc="177" coveredmethods="9" methods="9" elements="110" classes="1" ncloc="156" statements="95" conditionals="6" coveredstatements="95"/>
            <class name="TextPlayerTest">
               <metrics coveredelements="110" complexity="12" methods="9" testruns="7" statements="95" coveredconditionals="6" coveredmethods="9" elements="110" testfailures="0" testduration="0.008" conditionals="6" coveredstatements="95" testpasses="7"/>
            </class>
            <line complexity="2" visibility="private" signature="test_Placement(String,Placement[]) : void" num="20" count="1" type="method"/>
            <line num="21" count="1" type="stmt"/>
            <line num="22" count="1" type="stmt"/>
            <line num="23" count="1" type="stmt"/>
            <line falsecount="1" truecount="3" num="23" type="cond"/>
            <line num="24" count="3" type="stmt"/>
            <line num="25" count="3" type="stmt"/>
            <line num="26" count="3" type="stmt"/>
            <line num="27" count="3" type="stmt"/>
            <line num="29" count="1" type="stmt"/>
            <line complexity="2" visibility="package" signature="test_do_One_Placement() : void" num="32" testsuccess="true" count="1" testduration="0.003" type="method"/>
            <line num="34" count="1" type="stmt"/>
            <line num="35" count="1" type="stmt"/>
            <line num="36" count="1" type="stmt"/>
            <line num="37" count="1" type="stmt"/>
            <line num="38" count="1" type="stmt"/>
            <line num="39" count="1" type="stmt"/>
            <line num="40" count="1" type="stmt"/>
            <line num="41" count="1" type="stmt"/>
            <line num="42" count="1" type="stmt"/>
            <line num="43" count="1" type="stmt"/>
            <line num="44" count="1" type="stmt"/>
            <line num="45" count="1" type="stmt"/>
            <line num="46" count="1" type="stmt"/>
            <line num="47" count="1" type="stmt"/>
            <line num="48" count="1" type="stmt"/>
            <line falsecount="1" truecount="2" num="48" type="cond"/>
            <line num="49" count="2" type="stmt"/>
            <line num="50" count="2" type="stmt"/>
            <line num="51" count="2" type="stmt"/>
            <line num="53" count="1" type="stmt"/>
            <line num="54" count="1" type="stmt"/>
            <line num="55" count="1" type="stmt"/>
            <line num="56" count="1" type="stmt"/>
            <line complexity="1" visibility="package" signature="test_read_placement() : void" num="61" testsuccess="true" count="1" testduration="0.001" type="method"/>
            <line num="63" count="1" type="stmt"/>
            <line num="64" count="1" type="stmt"/>
            <line num="65" count="1" type="stmt"/>
            <line num="66" count="1" type="stmt"/>
            <line num="67" count="1" type="stmt"/>
            <line num="68" count="1" type="stmt"/>
            <line complexity="1" visibility="private" signature="createTextPlayer(int,int,String,OutputStream) : TextPlayer" num="72" count="7" type="method"/>
            <line num="73" count="7" type="stmt"/>
            <line num="74" count="7" type="stmt"/>
            <line num="75" count="7" type="stmt"/>
            <line num="76" count="7" type="stmt"/>
            <line num="77" count="7" type="stmt"/>
            <line complexity="1" visibility="package" signature="test_null() : void" num="80" testsuccess="true" count="1" testduration="0.001" type="method"/>
            <line num="82" count="1" type="stmt"/>
            <line num="83" count="1" type="stmt"/>
            <line num="84" count="1" type="stmt"/>
            <line num="85" count="1" type="stmt"/>
            <line complexity="1" visibility="package" signature="test_throw() : void" num="88" testsuccess="true" count="1" testduration="0.0" type="method"/>
            <line num="90" count="1" type="stmt"/>
            <line num="91" count="1" type="stmt"/>
            <line num="92" count="1" type="stmt"/>
            <line complexity="1" visibility="public" signature="test_display2Boards() : void" num="96" testsuccess="true" count="1" testduration="0.001" type="method"/>
            <line num="98" count="1" type="stmt"/>
            <line num="108" count="1" type="stmt"/>
            <line num="109" count="1" type="stmt"/>
            <line num="110" count="1" type="stmt"/>
            <line num="111" count="1" type="stmt"/>
            <line num="112" count="1" type="stmt"/>
            <line num="114" count="1" type="stmt"/>
            <line num="115" count="1" type="stmt"/>
            <line num="116" count="1" type="stmt"/>
            <line num="117" count="1" type="stmt"/>
            <line num="118" count="1" type="stmt"/>
            <line num="128" count="1" type="stmt"/>
            <line num="129" count="1" type="stmt"/>
            <line num="131" count="1" type="stmt"/>
            <line num="133" count="1" type="stmt"/>
            <line num="134" count="1" type="stmt"/>
            <line num="135" count="1" type="stmt"/>
            <line num="136" count="1" type="stmt"/>
            <line num="137" count="1" type="stmt"/>
            <line complexity="2" visibility="public" signature="test_readCoordinate() : void" num="140" testsuccess="true" count="1" testduration="0.001" type="method"/>
            <line num="142" count="1" type="stmt"/>
            <line num="143" count="1" type="stmt"/>
            <line num="144" count="1" type="stmt"/>
            <line num="145" count="1" type="stmt"/>
            <line num="146" count="1" type="stmt"/>
            <line num="147" count="1" type="stmt"/>
            <line num="148" count="1" type="stmt"/>
            <line num="150" count="1" type="stmt"/>
            <line falsecount="1" truecount="3" num="150" type="cond"/>
            <line num="151" count="3" type="stmt"/>
            <line num="152" count="3" type="stmt"/>
            <line num="153" count="3" type="stmt"/>
            <line num="154" count="3" type="stmt"/>
            <line num="156" count="1" type="stmt"/>
            <line num="157" count="1" type="stmt"/>
            <line num="158" count="1" type="stmt"/>
            <line complexity="1" visibility="package" signature="test_ai() : void" num="161" testsuccess="true" count="1" testduration="0.001" type="method"/>
            <line num="162" count="1" type="stmt"/>
            <line num="163" count="1" type="stmt"/>
            <line num="164" count="1" type="stmt"/>
            <line num="165" count="1" type="stmt"/>
            <line num="166" count="1" type="stmt"/>
            <line num="167" count="1" type="stmt"/>
            <line num="168" count="1" type="stmt"/>
            <line num="169" count="1" type="stmt"/>
            <line num="170" count="1" type="stmt"/>
            <line num="171" count="1" type="stmt"/>
            <line num="172" count="1" type="stmt"/>
            <line num="173" count="1" type="stmt"/>
            <line num="175" count="1" type="stmt"/>
         </file>
         <file path="/home/sj445/ece651-sp25-sj445-battleship/app/src/test/java/edu/duke/sj445/battleship/V1ShipFactoryTest.java" name="V1ShipFactoryTest.java">
            <metrics coveredelements="23" coveredconditionals="0" complexity="2" loc="53" coveredmethods="2" methods="2" elements="23" classes="1" ncloc="34" statements="21" conditionals="0" coveredstatements="21"/>
            <class name="V1ShipFactoryTest">
               <metrics coveredelements="23" complexity="2" methods="2" testruns="1" statements="21" coveredconditionals="0" coveredmethods="2" elements="23" testfailures="0" testduration="0.0" conditionals="0" coveredstatements="21" testpasses="1"/>
            </class>
            <line complexity="1" visibility="private" signature="checkShip(Ship&lt;Character&gt;,String,char,Coordinate) : void" num="16" count="5" type="method"/>
            <line num="18" count="5" type="stmt"/>
            <line num="19" count="5" type="stmt"/>
            <line num="20" count="17" type="stmt"/>
            <line num="21" count="17" type="stmt"/>
            <line complexity="1" visibility="public" signature="test_() : void" num="25" testsuccess="true" count="1" testduration="0.0" type="method"/>
            <line num="27" count="1" type="stmt"/>
            <line num="28" count="1" type="stmt"/>
            <line num="29" count="1" type="stmt"/>
            <line num="30" count="1" type="stmt"/>
            <line num="32" count="1" type="stmt"/>
            <line num="33" count="1" type="stmt"/>
            <line num="34" count="1" type="stmt"/>
            <line num="36" count="1" type="stmt"/>
            <line num="37" count="1" type="stmt"/>
            <line num="38" count="1" type="stmt"/>
            <line num="40" count="1" type="stmt"/>
            <line num="41" count="1" type="stmt"/>
            <line num="42" count="1" type="stmt"/>
            <line num="44" count="1" type="stmt"/>
            <line num="45" count="1" type="stmt"/>
            <line num="46" count="1" type="stmt"/>
            <line num="48" count="1" type="stmt"/>
         </file>
         <file path="/home/sj445/ece651-sp25-sj445-battleship/app/src/test/java/edu/duke/sj445/battleship/InBoundsRuleCheckerTest.java" name="InBoundsRuleCheckerTest.java">
            <metrics coveredelements="14" coveredconditionals="0" complexity="1" loc="28" coveredmethods="1" methods="1" elements="14" classes="1" ncloc="21" statements="13" conditionals="0" coveredstatements="13"/>
            <class name="InBoundsRuleCheckerTest">
               <metrics coveredelements="14" complexity="1" methods="1" testruns="1" statements="13" coveredconditionals="0" coveredmethods="1" elements="14" testfailures="0" testduration="0.0" conditionals="0" coveredstatements="13" testpasses="1"/>
            </class>
            <line complexity="1" visibility="public" signature="test_() : void" num="9" testsuccess="true" count="1" testduration="0.0" type="method"/>
            <line num="11" count="1" type="stmt"/>
            <line num="12" count="1" type="stmt"/>
            <line num="13" count="1" type="stmt"/>
            <line num="15" count="1" type="stmt"/>
            <line num="16" count="1" type="stmt"/>
            <line num="17" count="1" type="stmt"/>
            <line num="18" count="1" type="stmt"/>
            <line num="19" count="1" type="stmt"/>
            <line num="21" count="1" type="stmt"/>
            <line num="22" count="1" type="stmt"/>
            <line num="23" count="1" type="stmt"/>
            <line num="24" count="1" type="stmt"/>
            <line num="25" count="1" type="stmt"/>
         </file>
         <file path="/home/sj445/ece651-sp25-sj445-battleship/app/src/test/java/edu/duke/sj445/battleship/AbstractShipFactoryTest.java" name="AbstractShipFactoryTest.java">
            <metrics coveredelements="1" coveredconditionals="0" complexity="1" loc="13" coveredmethods="1" methods="1" elements="1" classes="1" ncloc="8" statements="0" conditionals="0" coveredstatements="0"/>
            <class name="AbstractShipFactoryTest">
               <metrics coveredelements="1" complexity="1" methods="1" testruns="1" statements="0" coveredconditionals="0" coveredmethods="1" elements="1" testfailures="0" testduration="0.003" conditionals="0" coveredstatements="0" testpasses="1"/>
            </class>
            <line complexity="1" visibility="public" signature="test_() : void" num="8" testsuccess="true" count="1" testduration="0.003" type="method"/>
         </file>
         <file path="/home/sj445/ece651-sp25-sj445-battleship/app/src/test/java/edu/duke/sj445/battleship/ShipTest.java" name="ShipTest.java">
            <metrics coveredelements="1" coveredconditionals="0" complexity="1" loc="13" coveredmethods="1" methods="1" elements="1" classes="1" ncloc="8" statements="0" conditionals="0" coveredstatements="0"/>
            <class name="ShipTest">
               <metrics coveredelements="1" complexity="1" methods="1" testruns="1" statements="0" coveredconditionals="0" coveredmethods="1" elements="1" testfailures="0" testduration="0.0" conditionals="0" coveredstatements="0" testpasses="1"/>
            </class>
            <line complexity="1" visibility="public" signature="test_() : void" num="8" testsuccess="true" count="1" testduration="0.0" type="method"/>
         </file>
      </package>
   </testproject>
</coverage>